{"C:\\Users\\david.cortes\\Downloads\\Proyecto ADN\\adn-ceiba-frontend\\src\\index.tsx": {"path":"C:\\Users\\david.cortes\\Downloads\\Proyecto ADN\\adn-ceiba-frontend\\src\\index.tsx","statementMap":{"0":{"start":{"line":7,"column":0},"end":{"line":12,"column":2}},"1":{"start":{"line":17,"column":0},"end":{"line":17,"column":27}}},"fnMap":{},"branchMap":{},"s":{"0":0,"1":0},"f":{},"b":{},"hash":"b260f3e9494b5ba49be8f96935b1d83dedcf2738"}
,"C:\\Users\\david.cortes\\Downloads\\Proyecto ADN\\adn-ceiba-frontend\\src\\react-app-env.d.ts": {"path":"C:\\Users\\david.cortes\\Downloads\\Proyecto ADN\\adn-ceiba-frontend\\src\\react-app-env.d.ts","statementMap":{},"fnMap":{},"branchMap":{},"s":{},"f":{},"b":{},"hash":"30f9aa751b43641939dcf6753c370ce562dd8401"}
,"C:\\Users\\david.cortes\\Downloads\\Proyecto ADN\\adn-ceiba-frontend\\src\\app\\App.tsx": {"path":"C:\\Users\\david.cortes\\Downloads\\Proyecto ADN\\adn-ceiba-frontend\\src\\app\\App.tsx","statementMap":{"0":{"start":{"line":8,"column":2},"end":{"line":14,"column":4}}},"fnMap":{"0":{"name":"App","decl":{"start":{"line":7,"column":9},"end":{"line":7,"column":12}},"loc":{"start":{"line":7,"column":15},"end":{"line":15,"column":1}},"line":7}},"branchMap":{},"s":{"0":0},"f":{"0":0},"b":{},"hash":"fc3f9ec3dc7339e92389171e3d9e3cfeda397998"}
,"C:\\Users\\david.cortes\\Downloads\\Proyecto ADN\\adn-ceiba-frontend\\src\\app\\AppRouter.tsx": {"path":"C:\\Users\\david.cortes\\Downloads\\Proyecto ADN\\adn-ceiba-frontend\\src\\app\\AppRouter.tsx","statementMap":{"0":{"start":{"line":9,"column":25},"end":{"line":21,"column":1}},"1":{"start":{"line":10,"column":2},"end":{"line":20,"column":4}}},"fnMap":{"0":{"name":"(anonymous_0)","decl":{"start":{"line":9,"column":25},"end":{"line":9,"column":26}},"loc":{"start":{"line":9,"column":31},"end":{"line":21,"column":1}},"line":9}},"branchMap":{},"s":{"0":0,"1":0},"f":{"0":0},"b":{},"hash":"14a0d3e51c7f922e4550bb47bf65d2be90683be9"}
,"C:\\Users\\david.cortes\\Downloads\\Proyecto ADN\\adn-ceiba-frontend\\src\\app\\Main.tsx": {"path":"C:\\Users\\david.cortes\\Downloads\\Proyecto ADN\\adn-ceiba-frontend\\src\\app\\Main.tsx","statementMap":{"0":{"start":{"line":4,"column":17},"end":{"line":9,"column":1}},"1":{"start":{"line":5,"column":2},"end":{"line":8,"column":11}}},"fnMap":{"0":{"name":"(anonymous_0)","decl":{"start":{"line":4,"column":17},"end":{"line":4,"column":18}},"loc":{"start":{"line":5,"column":2},"end":{"line":8,"column":11}},"line":5}},"branchMap":{},"s":{"0":0,"1":0},"f":{"0":0},"b":{},"hash":"60a77e65ede491d44a5a4be98fe6ae8e853ba744"}
,"C:\\Users\\david.cortes\\Downloads\\Proyecto ADN\\adn-ceiba-frontend\\src\\app\\core\\api\\pedido.repositorio.ts": {"path":"C:\\Users\\david.cortes\\Downloads\\Proyecto ADN\\adn-ceiba-frontend\\src\\app\\core\\api\\pedido.repositorio.ts","statementMap":{"0":{"start":{"line":4,"column":33},"end":{"line":35,"column":1}},"1":{"start":{"line":6,"column":21},"end":{"line":6,"column":67}},"2":{"start":{"line":7,"column":4},"end":{"line":7,"column":31}},"3":{"start":{"line":8,"column":4},"end":{"line":8,"column":26}},"4":{"start":{"line":12,"column":21},"end":{"line":17,"column":6}},"5":{"start":{"line":19,"column":4},"end":{"line":19,"column":30}},"6":{"start":{"line":20,"column":4},"end":{"line":20,"column":60}},"7":{"start":{"line":21,"column":4},"end":{"line":21,"column":36}},"8":{"start":{"line":22,"column":4},"end":{"line":22,"column":18}},"9":{"start":{"line":26,"column":21},"end":{"line":30,"column":6}},"10":{"start":{"line":31,"column":4},"end":{"line":31,"column":60}},"11":{"start":{"line":32,"column":4},"end":{"line":32,"column":36}},"12":{"start":{"line":33,"column":4},"end":{"line":33,"column":18}}},"fnMap":{"0":{"name":"(anonymous_0)","decl":{"start":{"line":5,"column":19},"end":{"line":5,"column":20}},"loc":{"start":{"line":5,"column":47},"end":{"line":9,"column":3}},"line":5},"1":{"name":"(anonymous_1)","decl":{"start":{"line":10,"column":20},"end":{"line":10,"column":21}},"loc":{"start":{"line":10,"column":46},"end":{"line":23,"column":3}},"line":10},"2":{"name":"(anonymous_2)","decl":{"start":{"line":24,"column":19},"end":{"line":24,"column":20}},"loc":{"start":{"line":24,"column":45},"end":{"line":34,"column":3}},"line":24}},"branchMap":{},"s":{"0":1,"1":0,"2":0,"3":0,"4":0,"5":0,"6":0,"7":0,"8":0,"9":0,"10":0,"11":0,"12":0},"f":{"0":0,"1":0,"2":0},"b":{},"_coverageSchema":"43e27e138ebf9cfc5966b082cf9a028302ed4184","hash":"c85e4f78aa71101bb65cc987580cacd234b02750"}
,"C:\\Users\\david.cortes\\Downloads\\Proyecto ADN\\adn-ceiba-frontend\\src\\app\\core\\api\\productos.repositorio.ts": {"path":"C:\\Users\\david.cortes\\Downloads\\Proyecto ADN\\adn-ceiba-frontend\\src\\app\\core\\api\\productos.repositorio.ts","statementMap":{"0":{"start":{"line":3,"column":25},"end":{"line":3,"column":27}},"1":{"start":{"line":4,"column":14},"end":{"line":5,"column":46}},"2":{"start":{"line":5,"column":2},"end":{"line":5,"column":46}},"3":{"start":{"line":7,"column":35},"end":{"line":9,"column":1}},"4":{"start":{"line":8,"column":46},"end":{"line":8,"column":76}}},"fnMap":{"0":{"name":"(anonymous_0)","decl":{"start":{"line":4,"column":14},"end":{"line":4,"column":15}},"loc":{"start":{"line":5,"column":2},"end":{"line":5,"column":46}},"line":5},"1":{"name":"(anonymous_1)","decl":{"start":{"line":8,"column":22},"end":{"line":8,"column":23}},"loc":{"start":{"line":8,"column":46},"end":{"line":8,"column":76}},"line":8}},"branchMap":{"0":{"loc":{"start":{"line":5,"column":27},"end":{"line":5,"column":44}},"type":"cond-expr","locations":[{"start":{"line":5,"column":31},"end":{"line":5,"column":40}},{"start":{"line":5,"column":43},"end":{"line":5,"column":44}}],"line":5}},"s":{"0":1,"1":1,"2":0,"3":1,"4":0},"f":{"0":0,"1":0},"b":{"0":[0,0]},"_coverageSchema":"43e27e138ebf9cfc5966b082cf9a028302ed4184","hash":"73a5a28a62f6a6949c71a37cf25a10090fb720b3"}
,"C:\\Users\\david.cortes\\Downloads\\Proyecto ADN\\adn-ceiba-frontend\\src\\app\\core\\api\\productosSolicitados.repositorio.ts": {"path":"C:\\Users\\david.cortes\\Downloads\\Proyecto ADN\\adn-ceiba-frontend\\src\\app\\core\\api\\productosSolicitados.repositorio.ts","statementMap":{"0":{"start":{"line":4,"column":25},"end":{"line":4,"column":27}},"1":{"start":{"line":5,"column":14},"end":{"line":6,"column":46}},"2":{"start":{"line":6,"column":2},"end":{"line":6,"column":46}},"3":{"start":{"line":8,"column":45},"end":{"line":34,"column":1}},"4":{"start":{"line":9,"column":40},"end":{"line":9,"column":82}},"5":{"start":{"line":11,"column":4},"end":{"line":11,"column":79}},"6":{"start":{"line":14,"column":21},"end":{"line":20,"column":6}},"7":{"start":{"line":21,"column":21},"end":{"line":21,"column":106}},"8":{"start":{"line":22,"column":4},"end":{"line":22,"column":44}},"9":{"start":{"line":23,"column":4},"end":{"line":23,"column":42}},"10":{"start":{"line":24,"column":4},"end":{"line":24,"column":60}},"11":{"start":{"line":25,"column":17},"end":{"line":29,"column":5}},"12":{"start":{"line":30,"column":4},"end":{"line":30,"column":59}},"13":{"start":{"line":31,"column":4},"end":{"line":31,"column":41}},"14":{"start":{"line":32,"column":4},"end":{"line":32,"column":30}}},"fnMap":{"0":{"name":"(anonymous_0)","decl":{"start":{"line":5,"column":14},"end":{"line":5,"column":15}},"loc":{"start":{"line":6,"column":2},"end":{"line":6,"column":46}},"line":6},"1":{"name":"(anonymous_1)","decl":{"start":{"line":9,"column":22},"end":{"line":9,"column":23}},"loc":{"start":{"line":9,"column":40},"end":{"line":9,"column":82}},"line":9},"2":{"name":"(anonymous_2)","decl":{"start":{"line":10,"column":30},"end":{"line":10,"column":31}},"loc":{"start":{"line":10,"column":70},"end":{"line":12,"column":3}},"line":10},"3":{"name":"(anonymous_3)","decl":{"start":{"line":13,"column":34},"end":{"line":13,"column":35}},"loc":{"start":{"line":13,"column":102},"end":{"line":33,"column":3}},"line":13}},"branchMap":{"0":{"loc":{"start":{"line":6,"column":27},"end":{"line":6,"column":44}},"type":"cond-expr","locations":[{"start":{"line":6,"column":31},"end":{"line":6,"column":40}},{"start":{"line":6,"column":43},"end":{"line":6,"column":44}}],"line":6},"1":{"loc":{"start":{"line":21,"column":21},"end":{"line":21,"column":106}},"type":"cond-expr","locations":[{"start":{"line":21,"column":38},"end":{"line":21,"column":95}},{"start":{"line":21,"column":98},"end":{"line":21,"column":106}}],"line":21}},"s":{"0":1,"1":1,"2":0,"3":1,"4":0,"5":0,"6":0,"7":0,"8":0,"9":0,"10":0,"11":0,"12":0,"13":0,"14":0},"f":{"0":0,"1":0,"2":0,"3":0},"b":{"0":[0,0],"1":[0,0]},"_coverageSchema":"43e27e138ebf9cfc5966b082cf9a028302ed4184","hash":"eac246d89da23a20a350f619784c66753cd7912b"}
,"C:\\Users\\david.cortes\\Downloads\\Proyecto ADN\\adn-ceiba-frontend\\src\\app\\core\\config\\AxiosConfig.ts": {"path":"C:\\Users\\david.cortes\\Downloads\\Proyecto ADN\\adn-ceiba-frontend\\src\\app\\core\\config\\AxiosConfig.ts","statementMap":{"0":{"start":{"line":3,"column":28},"end":{"line":7,"column":2}}},"fnMap":{},"branchMap":{},"s":{"0":3},"f":{},"b":{},"_coverageSchema":"43e27e138ebf9cfc5966b082cf9a028302ed4184","hash":"385a04c778138bf96b2d342c8e079d49678917a4"}
,"C:\\Users\\david.cortes\\Downloads\\Proyecto ADN\\adn-ceiba-frontend\\src\\app\\core\\errors\\GlobalErrorBoundary\\index.tsx": {"path":"C:\\Users\\david.cortes\\Downloads\\Proyecto ADN\\adn-ceiba-frontend\\src\\app\\core\\errors\\GlobalErrorBoundary\\index.tsx","statementMap":{"0":{"start":{"line":6,"column":4},"end":{"line":6,"column":17}},"1":{"start":{"line":7,"column":4},"end":{"line":7,"column":37}},"2":{"start":{"line":11,"column":4},"end":{"line":11,"column":30}},"3":{"start":{"line":19,"column":4},"end":{"line":22,"column":5}},"4":{"start":{"line":21,"column":6},"end":{"line":21,"column":38}},"5":{"start":{"line":24,"column":4},"end":{"line":24,"column":31}}},"fnMap":{"0":{"name":"(anonymous_0)","decl":{"start":{"line":5,"column":2},"end":{"line":5,"column":3}},"loc":{"start":{"line":5,"column":26},"end":{"line":8,"column":3}},"line":5},"1":{"name":"(anonymous_1)","decl":{"start":{"line":10,"column":2},"end":{"line":10,"column":3}},"loc":{"start":{"line":10,"column":48},"end":{"line":12,"column":3}},"line":10},"2":{"name":"(anonymous_2)","decl":{"start":{"line":14,"column":2},"end":{"line":14,"column":3}},"loc":{"start":{"line":14,"column":56},"end":{"line":16,"column":3}},"line":14},"3":{"name":"(anonymous_3)","decl":{"start":{"line":18,"column":2},"end":{"line":18,"column":3}},"loc":{"start":{"line":18,"column":11},"end":{"line":25,"column":3}},"line":18}},"branchMap":{"0":{"loc":{"start":{"line":19,"column":4},"end":{"line":22,"column":5}},"type":"if","locations":[{"start":{"line":19,"column":4},"end":{"line":22,"column":5}},{"start":{"line":19,"column":4},"end":{"line":22,"column":5}}],"line":19}},"s":{"0":0,"1":0,"2":0,"3":0,"4":0,"5":0},"f":{"0":0,"1":0,"2":0,"3":0},"b":{"0":[0,0]},"hash":"ef1d4d87dcbb8aa3c97137a057757ca3fda0e910"}
,"C:\\Users\\david.cortes\\Downloads\\Proyecto ADN\\adn-ceiba-frontend\\src\\app\\core\\redux\\store.ts": {"path":"C:\\Users\\david.cortes\\Downloads\\Proyecto ADN\\adn-ceiba-frontend\\src\\app\\core\\redux\\store.ts","statementMap":{"0":{"start":{"line":7,"column":25},"end":{"line":7,"column":79}},"1":{"start":{"line":9,"column":15},"end":{"line":12,"column":1}},"2":{"start":{"line":9,"column":31},"end":{"line":12,"column":1}},"3":{"start":{"line":9,"column":46},"end":{"line":12,"column":1}},"4":{"start":{"line":10,"column":2},"end":{"line":10,"column":49}},"5":{"start":{"line":11,"column":2},"end":{"line":11,"column":15}},"6":{"start":{"line":14,"column":14},"end":{"line":17,"column":1}}},"fnMap":{"0":{"name":"(anonymous_0)","decl":{"start":{"line":9,"column":15},"end":{"line":9,"column":16}},"loc":{"start":{"line":9,"column":31},"end":{"line":12,"column":1}},"line":9},"1":{"name":"(anonymous_1)","decl":{"start":{"line":9,"column":31},"end":{"line":9,"column":32}},"loc":{"start":{"line":9,"column":46},"end":{"line":12,"column":1}},"line":9},"2":{"name":"(anonymous_2)","decl":{"start":{"line":9,"column":46},"end":{"line":9,"column":47}},"loc":{"start":{"line":9,"column":63},"end":{"line":12,"column":1}},"line":9}},"branchMap":{"0":{"loc":{"start":{"line":7,"column":25},"end":{"line":7,"column":79}},"type":"binary-expr","locations":[{"start":{"line":7,"column":25},"end":{"line":7,"column":68}},{"start":{"line":7,"column":72},"end":{"line":7,"column":79}}],"line":7}},"s":{"0":0,"1":0,"2":0,"3":0,"4":0,"5":0,"6":0},"f":{"0":0,"1":0,"2":0},"b":{"0":[0,0]},"hash":"7756916ccc94f40b61df6d8c989b4233d395c0a9"}
,"C:\\Users\\david.cortes\\Downloads\\Proyecto ADN\\adn-ceiba-frontend\\src\\app\\core\\redux\\acciones\\pedido\\PedidoAcciones.ts": {"path":"C:\\Users\\david.cortes\\Downloads\\Proyecto ADN\\adn-ceiba-frontend\\src\\app\\core\\redux\\acciones\\pedido\\PedidoAcciones.ts","statementMap":{"0":{"start":{"line":15,"column":2},"end":{"line":19,"column":4}},"1":{"start":{"line":25,"column":2},"end":{"line":28,"column":4}},"2":{"start":{"line":34,"column":2},"end":{"line":37,"column":4}},"3":{"start":{"line":43,"column":2},"end":{"line":46,"column":4}},"4":{"start":{"line":50,"column":2},"end":{"line":56,"column":4}},"5":{"start":{"line":51,"column":4},"end":{"line":55,"column":6}},"6":{"start":{"line":52,"column":6},"end":{"line":54,"column":7}},"7":{"start":{"line":60,"column":2},"end":{"line":66,"column":4}},"8":{"start":{"line":61,"column":4},"end":{"line":65,"column":6}},"9":{"start":{"line":62,"column":6},"end":{"line":64,"column":7}},"10":{"start":{"line":70,"column":2},"end":{"line":76,"column":4}},"11":{"start":{"line":71,"column":4},"end":{"line":75,"column":6}},"12":{"start":{"line":72,"column":6},"end":{"line":74,"column":7}}},"fnMap":{"0":{"name":"listarPedido","decl":{"start":{"line":11,"column":16},"end":{"line":11,"column":28}},"loc":{"start":{"line":14,"column":23},"end":{"line":20,"column":1}},"line":14},"1":{"name":"crearPedido","decl":{"start":{"line":22,"column":16},"end":{"line":22,"column":27}},"loc":{"start":{"line":24,"column":23},"end":{"line":29,"column":1}},"line":24},"2":{"name":"finalizarPedido","decl":{"start":{"line":31,"column":16},"end":{"line":31,"column":31}},"loc":{"start":{"line":33,"column":23},"end":{"line":38,"column":1}},"line":33},"3":{"name":"eliminarPedido","decl":{"start":{"line":40,"column":16},"end":{"line":40,"column":30}},"loc":{"start":{"line":42,"column":23},"end":{"line":47,"column":1}},"line":42},"4":{"name":"crearPedidoAsync","decl":{"start":{"line":49,"column":16},"end":{"line":49,"column":32}},"loc":{"start":{"line":49,"column":49},"end":{"line":57,"column":1}},"line":49},"5":{"name":"(anonymous_5)","decl":{"start":{"line":50,"column":9},"end":{"line":50,"column":10}},"loc":{"start":{"line":50,"column":34},"end":{"line":56,"column":3}},"line":50},"6":{"name":"(anonymous_6)","decl":{"start":{"line":51,"column":52},"end":{"line":51,"column":53}},"loc":{"start":{"line":52,"column":6},"end":{"line":54,"column":7}},"line":52},"7":{"name":"finalizarPedidoAsync","decl":{"start":{"line":59,"column":16},"end":{"line":59,"column":36}},"loc":{"start":{"line":59,"column":53},"end":{"line":67,"column":1}},"line":59},"8":{"name":"(anonymous_8)","decl":{"start":{"line":60,"column":9},"end":{"line":60,"column":10}},"loc":{"start":{"line":60,"column":34},"end":{"line":66,"column":3}},"line":60},"9":{"name":"(anonymous_9)","decl":{"start":{"line":61,"column":51},"end":{"line":61,"column":52}},"loc":{"start":{"line":62,"column":6},"end":{"line":64,"column":7}},"line":62},"10":{"name":"listarPedidoAsync","decl":{"start":{"line":69,"column":16},"end":{"line":69,"column":33}},"loc":{"start":{"line":69,"column":52},"end":{"line":77,"column":1}},"line":69},"11":{"name":"(anonymous_11)","decl":{"start":{"line":70,"column":9},"end":{"line":70,"column":10}},"loc":{"start":{"line":70,"column":34},"end":{"line":76,"column":3}},"line":70},"12":{"name":"(anonymous_12)","decl":{"start":{"line":71,"column":53},"end":{"line":71,"column":54}},"loc":{"start":{"line":72,"column":6},"end":{"line":74,"column":7}},"line":72}},"branchMap":{},"s":{"0":1,"1":1,"2":1,"3":1,"4":0,"5":0,"6":0,"7":0,"8":0,"9":0,"10":0,"11":0,"12":0},"f":{"0":1,"1":1,"2":1,"3":1,"4":0,"5":0,"6":0,"7":0,"8":0,"9":0,"10":0,"11":0,"12":0},"b":{},"_coverageSchema":"43e27e138ebf9cfc5966b082cf9a028302ed4184","hash":"f7fff45c7916e6244af8d4ca6a94b332d5953a70"}
,"C:\\Users\\david.cortes\\Downloads\\Proyecto ADN\\adn-ceiba-frontend\\src\\app\\core\\redux\\acciones\\pedido\\PedidoTiposAcciones.ts": {"path":"C:\\Users\\david.cortes\\Downloads\\Proyecto ADN\\adn-ceiba-frontend\\src\\app\\core\\redux\\acciones\\pedido\\PedidoTiposAcciones.ts","statementMap":{"0":{"start":{"line":3,"column":29},"end":{"line":3,"column":44}},"1":{"start":{"line":4,"column":28},"end":{"line":4,"column":42}},"2":{"start":{"line":5,"column":32},"end":{"line":5,"column":50}},"3":{"start":{"line":6,"column":31},"end":{"line":6,"column":48}}},"fnMap":{},"branchMap":{},"s":{"0":1,"1":1,"2":1,"3":1},"f":{},"b":{},"_coverageSchema":"43e27e138ebf9cfc5966b082cf9a028302ed4184","hash":"3f1ce1cbf1540f81eb259cdbb9d4baa83b802a89"}
,"C:\\Users\\david.cortes\\Downloads\\Proyecto ADN\\adn-ceiba-frontend\\src\\app\\core\\redux\\acciones\\productos\\ProductosAcciones.ts": {"path":"C:\\Users\\david.cortes\\Downloads\\Proyecto ADN\\adn-ceiba-frontend\\src\\app\\core\\redux\\acciones\\productos\\ProductosAcciones.ts","statementMap":{"0":{"start":{"line":14,"column":2},"end":{"line":18,"column":4}},"1":{"start":{"line":24,"column":2},"end":{"line":27,"column":4}},"2":{"start":{"line":31,"column":2},"end":{"line":34,"column":4}},"3":{"start":{"line":38,"column":2},"end":{"line":46,"column":4}},"4":{"start":{"line":39,"column":4},"end":{"line":45,"column":6}},"5":{"start":{"line":42,"column":6},"end":{"line":44,"column":7}}},"fnMap":{"0":{"name":"listarProductos","decl":{"start":{"line":10,"column":16},"end":{"line":10,"column":31}},"loc":{"start":{"line":13,"column":25},"end":{"line":19,"column":1}},"line":13},"1":{"name":"agregarNuevoProducto","decl":{"start":{"line":21,"column":16},"end":{"line":21,"column":36}},"loc":{"start":{"line":23,"column":25},"end":{"line":28,"column":1}},"line":23},"2":{"name":"eliminarProducto","decl":{"start":{"line":30,"column":16},"end":{"line":30,"column":32}},"loc":{"start":{"line":30,"column":76},"end":{"line":35,"column":1}},"line":30},"3":{"name":"listarProductosAsync","decl":{"start":{"line":37,"column":16},"end":{"line":37,"column":36}},"loc":{"start":{"line":37,"column":59},"end":{"line":47,"column":1}},"line":37},"4":{"name":"(anonymous_4)","decl":{"start":{"line":38,"column":9},"end":{"line":38,"column":10}},"loc":{"start":{"line":38,"column":34},"end":{"line":46,"column":3}},"line":38},"5":{"name":"(anonymous_5)","decl":{"start":{"line":41,"column":11},"end":{"line":41,"column":12}},"loc":{"start":{"line":42,"column":6},"end":{"line":44,"column":7}},"line":42}},"branchMap":{},"s":{"0":1,"1":1,"2":1,"3":0,"4":0,"5":0},"f":{"0":1,"1":1,"2":1,"3":0,"4":0,"5":0},"b":{},"_coverageSchema":"43e27e138ebf9cfc5966b082cf9a028302ed4184","hash":"ba4d5fbe720ddb003cd838c26c4584e33c8a0b56"}
,"C:\\Users\\david.cortes\\Downloads\\Proyecto ADN\\adn-ceiba-frontend\\src\\app\\core\\redux\\acciones\\productos\\ProductosTiposAcciones.ts": {"path":"C:\\Users\\david.cortes\\Downloads\\Proyecto ADN\\adn-ceiba-frontend\\src\\app\\core\\redux\\acciones\\productos\\ProductosTiposAcciones.ts","statementMap":{"0":{"start":{"line":3,"column":32},"end":{"line":3,"column":50}},"1":{"start":{"line":4,"column":32},"end":{"line":4,"column":50}},"2":{"start":{"line":5,"column":33},"end":{"line":5,"column":52}}},"fnMap":{},"branchMap":{},"s":{"0":1,"1":1,"2":1},"f":{},"b":{},"_coverageSchema":"43e27e138ebf9cfc5966b082cf9a028302ed4184","hash":"335d182e735b61f8c027b9eb90c4221ad94c5bf4"}
,"C:\\Users\\david.cortes\\Downloads\\Proyecto ADN\\adn-ceiba-frontend\\src\\app\\core\\redux\\acciones\\productosSolicitados\\ProductosSolicitadosAcciones.ts": {"path":"C:\\Users\\david.cortes\\Downloads\\Proyecto ADN\\adn-ceiba-frontend\\src\\app\\core\\redux\\acciones\\productosSolicitados\\ProductosSolicitadosAcciones.ts","statementMap":{"0":{"start":{"line":14,"column":2},"end":{"line":18,"column":4}},"1":{"start":{"line":24,"column":2},"end":{"line":27,"column":4}},"2":{"start":{"line":31,"column":2},"end":{"line":34,"column":4}},"3":{"start":{"line":38,"column":2},"end":{"line":47,"column":4}},"4":{"start":{"line":39,"column":4},"end":{"line":46,"column":6}},"5":{"start":{"line":43,"column":6},"end":{"line":45,"column":7}},"6":{"start":{"line":51,"column":2},"end":{"line":59,"column":4}},"7":{"start":{"line":52,"column":4},"end":{"line":58,"column":6}},"8":{"start":{"line":55,"column":6},"end":{"line":57,"column":7}},"9":{"start":{"line":63,"column":2},"end":{"line":71,"column":4}},"10":{"start":{"line":64,"column":4},"end":{"line":70,"column":6}},"11":{"start":{"line":67,"column":6},"end":{"line":69,"column":7}}},"fnMap":{"0":{"name":"listarProductosSolicitados","decl":{"start":{"line":10,"column":16},"end":{"line":10,"column":42}},"loc":{"start":{"line":13,"column":35},"end":{"line":19,"column":1}},"line":13},"1":{"name":"agregarProductoSolicitado","decl":{"start":{"line":21,"column":16},"end":{"line":21,"column":41}},"loc":{"start":{"line":23,"column":35},"end":{"line":28,"column":1}},"line":23},"2":{"name":"eliminarProductoSolicitado","decl":{"start":{"line":30,"column":16},"end":{"line":30,"column":42}},"loc":{"start":{"line":30,"column":106},"end":{"line":35,"column":1}},"line":30},"3":{"name":"agregarProductoSolicitadoAsync","decl":{"start":{"line":37,"column":16},"end":{"line":37,"column":46}},"loc":{"start":{"line":37,"column":105},"end":{"line":48,"column":1}},"line":37},"4":{"name":"(anonymous_4)","decl":{"start":{"line":38,"column":9},"end":{"line":38,"column":10}},"loc":{"start":{"line":38,"column":34},"end":{"line":47,"column":3}},"line":38},"5":{"name":"(anonymous_5)","decl":{"start":{"line":42,"column":11},"end":{"line":42,"column":12}},"loc":{"start":{"line":43,"column":6},"end":{"line":45,"column":7}},"line":43},"6":{"name":"eliminarProductoSolicitadoAsync","decl":{"start":{"line":50,"column":16},"end":{"line":50,"column":47}},"loc":{"start":{"line":50,"column":78},"end":{"line":60,"column":1}},"line":50},"7":{"name":"(anonymous_7)","decl":{"start":{"line":51,"column":9},"end":{"line":51,"column":10}},"loc":{"start":{"line":51,"column":34},"end":{"line":59,"column":3}},"line":51},"8":{"name":"(anonymous_8)","decl":{"start":{"line":54,"column":11},"end":{"line":54,"column":12}},"loc":{"start":{"line":55,"column":6},"end":{"line":57,"column":7}},"line":55},"9":{"name":"listarProductosSolicitadosAsync","decl":{"start":{"line":62,"column":16},"end":{"line":62,"column":47}},"loc":{"start":{"line":62,"column":70},"end":{"line":72,"column":1}},"line":62},"10":{"name":"(anonymous_10)","decl":{"start":{"line":63,"column":9},"end":{"line":63,"column":10}},"loc":{"start":{"line":63,"column":34},"end":{"line":71,"column":3}},"line":63},"11":{"name":"(anonymous_11)","decl":{"start":{"line":66,"column":11},"end":{"line":66,"column":12}},"loc":{"start":{"line":67,"column":6},"end":{"line":69,"column":7}},"line":67}},"branchMap":{},"s":{"0":1,"1":1,"2":1,"3":0,"4":0,"5":0,"6":0,"7":0,"8":0,"9":0,"10":0,"11":0},"f":{"0":1,"1":1,"2":1,"3":0,"4":0,"5":0,"6":0,"7":0,"8":0,"9":0,"10":0,"11":0},"b":{},"_coverageSchema":"43e27e138ebf9cfc5966b082cf9a028302ed4184","hash":"e1df23cf493181e4d4cda6d554533370af59890b"}
,"C:\\Users\\david.cortes\\Downloads\\Proyecto ADN\\adn-ceiba-frontend\\src\\app\\core\\redux\\acciones\\productosSolicitados\\ProductosSolicitadosTiposAcciones.ts": {"path":"C:\\Users\\david.cortes\\Downloads\\Proyecto ADN\\adn-ceiba-frontend\\src\\app\\core\\redux\\acciones\\productosSolicitados\\ProductosSolicitadosTiposAcciones.ts","statementMap":{"0":{"start":{"line":3,"column":44},"end":{"line":3,"column":74}},"1":{"start":{"line":4,"column":43},"end":{"line":4,"column":72}},"2":{"start":{"line":5,"column":44},"end":{"line":5,"column":74}}},"fnMap":{},"branchMap":{},"s":{"0":1,"1":1,"2":1},"f":{},"b":{},"_coverageSchema":"43e27e138ebf9cfc5966b082cf9a028302ed4184","hash":"c4d4c7837d62c3108e24d97e1ab3a39db55e852a"}
,"C:\\Users\\david.cortes\\Downloads\\Proyecto ADN\\adn-ceiba-frontend\\src\\app\\core\\redux\\modelo\\EstadoGeneral.ts": {"path":"C:\\Users\\david.cortes\\Downloads\\Proyecto ADN\\adn-ceiba-frontend\\src\\app\\core\\redux\\modelo\\EstadoGeneral.ts","statementMap":{},"fnMap":{},"branchMap":{},"s":{},"f":{},"b":{},"hash":"6dc592ff7f50d8fc27af13906879d13544d83c9d"}
,"C:\\Users\\david.cortes\\Downloads\\Proyecto ADN\\adn-ceiba-frontend\\src\\app\\core\\redux\\modelo\\EstadoPedido.ts": {"path":"C:\\Users\\david.cortes\\Downloads\\Proyecto ADN\\adn-ceiba-frontend\\src\\app\\core\\redux\\modelo\\EstadoPedido.ts","statementMap":{},"fnMap":{},"branchMap":{},"s":{},"f":{},"b":{},"hash":"50b678199a3ced731f984a5cd0e872d2c405d657"}
,"C:\\Users\\david.cortes\\Downloads\\Proyecto ADN\\adn-ceiba-frontend\\src\\app\\core\\redux\\modelo\\EstadoProducto.ts": {"path":"C:\\Users\\david.cortes\\Downloads\\Proyecto ADN\\adn-ceiba-frontend\\src\\app\\core\\redux\\modelo\\EstadoProducto.ts","statementMap":{},"fnMap":{},"branchMap":{},"s":{},"f":{},"b":{},"hash":"27d462ba8a3b153fc4294181b81ccb706e040db3"}
,"C:\\Users\\david.cortes\\Downloads\\Proyecto ADN\\adn-ceiba-frontend\\src\\app\\core\\redux\\modelo\\EstadoProductoSolicitado.ts": {"path":"C:\\Users\\david.cortes\\Downloads\\Proyecto ADN\\adn-ceiba-frontend\\src\\app\\core\\redux\\modelo\\EstadoProductoSolicitado.ts","statementMap":{},"fnMap":{},"branchMap":{},"s":{},"f":{},"b":{},"hash":"5449d788a046020f5af7a774f8a62cdbce3c506e"}
,"C:\\Users\\david.cortes\\Downloads\\Proyecto ADN\\adn-ceiba-frontend\\src\\app\\core\\redux\\reductores\\index.ts": {"path":"C:\\Users\\david.cortes\\Downloads\\Proyecto ADN\\adn-ceiba-frontend\\src\\app\\core\\redux\\reductores\\index.ts","statementMap":{},"fnMap":{},"branchMap":{},"s":{},"f":{},"b":{},"hash":"8d3b19070ba44b7f09af122372a87f24c9950a7d"}
,"C:\\Users\\david.cortes\\Downloads\\Proyecto ADN\\adn-ceiba-frontend\\src\\app\\core\\redux\\reductores\\pedido\\pedidoReductor.ts": {"path":"C:\\Users\\david.cortes\\Downloads\\Proyecto ADN\\adn-ceiba-frontend\\src\\app\\core\\redux\\reductores\\pedido\\pedidoReductor.ts","statementMap":{"0":{"start":{"line":10,"column":35},"end":{"line":24,"column":1}},"1":{"start":{"line":30,"column":2},"end":{"line":66,"column":3}},"2":{"start":{"line":32,"column":21},"end":{"line":32,"column":35}},"3":{"start":{"line":33,"column":6},"end":{"line":37,"column":8}},"4":{"start":{"line":41,"column":21},"end":{"line":41,"column":35}},"5":{"start":{"line":42,"column":6},"end":{"line":45,"column":8}},"6":{"start":{"line":49,"column":21},"end":{"line":49,"column":35}},"7":{"start":{"line":50,"column":6},"end":{"line":53,"column":8}},"8":{"start":{"line":57,"column":21},"end":{"line":57,"column":35}},"9":{"start":{"line":58,"column":6},"end":{"line":61,"column":8}},"10":{"start":{"line":65,"column":6},"end":{"line":65,"column":19}}},"fnMap":{"0":{"name":"(anonymous_0)","decl":{"start":{"line":26,"column":15},"end":{"line":26,"column":16}},"loc":{"start":{"line":29,"column":16},"end":{"line":67,"column":1}},"line":29}},"branchMap":{"0":{"loc":{"start":{"line":11,"column":10},"end":{"line":22,"column":5}},"type":"cond-expr","locations":[{"start":{"line":12,"column":4},"end":{"line":12,"column":58}},{"start":{"line":13,"column":4},"end":{"line":22,"column":5}}],"line":11},"1":{"loc":{"start":{"line":27,"column":2},"end":{"line":27,"column":22}},"type":"default-arg","locations":[{"start":{"line":27,"column":10},"end":{"line":27,"column":22}}],"line":27},"2":{"loc":{"start":{"line":30,"column":2},"end":{"line":66,"column":3}},"type":"switch","locations":[{"start":{"line":31,"column":4},"end":{"line":38,"column":5}},{"start":{"line":40,"column":4},"end":{"line":46,"column":5}},{"start":{"line":48,"column":4},"end":{"line":54,"column":5}},{"start":{"line":56,"column":4},"end":{"line":62,"column":5}},{"start":{"line":64,"column":4},"end":{"line":65,"column":19}}],"line":30},"3":{"loc":{"start":{"line":60,"column":16},"end":{"line":60,"column":82}},"type":"cond-expr","locations":[{"start":{"line":60,"column":48},"end":{"line":60,"column":67}},{"start":{"line":60,"column":70},"end":{"line":60,"column":82}}],"line":60}},"s":{"0":1,"1":4,"2":1,"3":1,"4":1,"5":1,"6":1,"7":1,"8":1,"9":1,"10":0},"f":{"0":4},"b":{"0":[0,1],"1":[0],"2":[1,1,1,1,0],"3":[1,0]},"_coverageSchema":"43e27e138ebf9cfc5966b082cf9a028302ed4184","hash":"f0f583852c4962a1674d11410ec9b7e50782bc6e"}
,"C:\\Users\\david.cortes\\Downloads\\Proyecto ADN\\adn-ceiba-frontend\\src\\app\\core\\redux\\reductores\\productos\\productosReductor.ts": {"path":"C:\\Users\\david.cortes\\Downloads\\Proyecto ADN\\adn-ceiba-frontend\\src\\app\\core\\redux\\reductores\\productos\\productosReductor.ts","statementMap":{"0":{"start":{"line":10,"column":37},"end":{"line":13,"column":1}},"1":{"start":{"line":19,"column":2},"end":{"line":48,"column":3}},"2":{"start":{"line":21,"column":24},"end":{"line":21,"column":38}},"3":{"start":{"line":22,"column":6},"end":{"line":26,"column":8}},"4":{"start":{"line":29,"column":23},"end":{"line":29,"column":37}},"5":{"start":{"line":30,"column":6},"end":{"line":33,"column":8}},"6":{"start":{"line":37,"column":23},"end":{"line":37,"column":37}},"7":{"start":{"line":38,"column":6},"end":{"line":43,"column":8}},"8":{"start":{"line":41,"column":43},"end":{"line":41,"column":71}},"9":{"start":{"line":47,"column":6},"end":{"line":47,"column":19}}},"fnMap":{"0":{"name":"(anonymous_0)","decl":{"start":{"line":15,"column":15},"end":{"line":15,"column":16}},"loc":{"start":{"line":18,"column":18},"end":{"line":49,"column":1}},"line":18},"1":{"name":"(anonymous_1)","decl":{"start":{"line":41,"column":36},"end":{"line":41,"column":37}},"loc":{"start":{"line":41,"column":43},"end":{"line":41,"column":71}},"line":41}},"branchMap":{"0":{"loc":{"start":{"line":16,"column":2},"end":{"line":16,"column":22}},"type":"default-arg","locations":[{"start":{"line":16,"column":10},"end":{"line":16,"column":22}}],"line":16},"1":{"loc":{"start":{"line":19,"column":2},"end":{"line":48,"column":3}},"type":"switch","locations":[{"start":{"line":20,"column":4},"end":{"line":27,"column":5}},{"start":{"line":28,"column":4},"end":{"line":34,"column":5}},{"start":{"line":36,"column":4},"end":{"line":44,"column":5}},{"start":{"line":46,"column":4},"end":{"line":47,"column":19}}],"line":19}},"s":{"0":1,"1":3,"2":1,"3":1,"4":1,"5":1,"6":1,"7":1,"8":2,"9":0},"f":{"0":3,"1":2},"b":{"0":[0],"1":[1,1,1,0]},"_coverageSchema":"43e27e138ebf9cfc5966b082cf9a028302ed4184","hash":"0e63f160eb6ac8bfc42c952ead520c1788f2ed4f"}
,"C:\\Users\\david.cortes\\Downloads\\Proyecto ADN\\adn-ceiba-frontend\\src\\app\\core\\redux\\reductores\\productosSolicitados\\productosSolicitadosReductor.ts": {"path":"C:\\Users\\david.cortes\\Downloads\\Proyecto ADN\\adn-ceiba-frontend\\src\\app\\core\\redux\\reductores\\productosSolicitados\\productosSolicitadosReductor.ts","statementMap":{"0":{"start":{"line":10,"column":47},"end":{"line":13,"column":1}},"1":{"start":{"line":19,"column":2},"end":{"line":48,"column":3}},"2":{"start":{"line":21,"column":35},"end":{"line":21,"column":49}},"3":{"start":{"line":22,"column":6},"end":{"line":26,"column":8}},"4":{"start":{"line":29,"column":33},"end":{"line":29,"column":47}},"5":{"start":{"line":30,"column":6},"end":{"line":33,"column":8}},"6":{"start":{"line":37,"column":35},"end":{"line":37,"column":49}},"7":{"start":{"line":38,"column":6},"end":{"line":43,"column":8}},"8":{"start":{"line":41,"column":54},"end":{"line":41,"column":83}},"9":{"start":{"line":47,"column":6},"end":{"line":47,"column":19}}},"fnMap":{"0":{"name":"(anonymous_0)","decl":{"start":{"line":15,"column":15},"end":{"line":15,"column":16}},"loc":{"start":{"line":18,"column":28},"end":{"line":49,"column":1}},"line":18},"1":{"name":"(anonymous_1)","decl":{"start":{"line":41,"column":47},"end":{"line":41,"column":48}},"loc":{"start":{"line":41,"column":54},"end":{"line":41,"column":83}},"line":41}},"branchMap":{"0":{"loc":{"start":{"line":16,"column":2},"end":{"line":16,"column":22}},"type":"default-arg","locations":[{"start":{"line":16,"column":10},"end":{"line":16,"column":22}}],"line":16},"1":{"loc":{"start":{"line":19,"column":2},"end":{"line":48,"column":3}},"type":"switch","locations":[{"start":{"line":20,"column":4},"end":{"line":27,"column":5}},{"start":{"line":28,"column":4},"end":{"line":34,"column":5}},{"start":{"line":36,"column":4},"end":{"line":44,"column":5}},{"start":{"line":46,"column":4},"end":{"line":47,"column":19}}],"line":19}},"s":{"0":1,"1":3,"2":1,"3":1,"4":1,"5":1,"6":1,"7":1,"8":1,"9":0},"f":{"0":3,"1":1},"b":{"0":[0],"1":[1,1,1,0]},"_coverageSchema":"43e27e138ebf9cfc5966b082cf9a028302ed4184","hash":"5f3929865f7f8cc33da1f442cfe78cbb61986612"}
,"C:\\Users\\david.cortes\\Downloads\\Proyecto ADN\\adn-ceiba-frontend\\src\\app\\feature\\Home\\HomeRouter.tsx": {"path":"C:\\Users\\david.cortes\\Downloads\\Proyecto ADN\\adn-ceiba-frontend\\src\\app\\feature\\Home\\HomeRouter.tsx","statementMap":{"0":{"start":{"line":5,"column":21},"end":{"line":5,"column":61}},"1":{"start":{"line":5,"column":38},"end":{"line":5,"column":60}},"2":{"start":{"line":7,"column":26},"end":{"line":14,"column":1}},"3":{"start":{"line":8,"column":2},"end":{"line":13,"column":19}}},"fnMap":{"0":{"name":"(anonymous_0)","decl":{"start":{"line":5,"column":32},"end":{"line":5,"column":33}},"loc":{"start":{"line":5,"column":38},"end":{"line":5,"column":60}},"line":5},"1":{"name":"(anonymous_1)","decl":{"start":{"line":7,"column":26},"end":{"line":7,"column":27}},"loc":{"start":{"line":8,"column":2},"end":{"line":13,"column":19}},"line":8}},"branchMap":{},"s":{"0":0,"1":0,"2":0,"3":0},"f":{"0":0,"1":0},"b":{},"hash":"700b7a4854de12fcfe05717a14780adccd4eae0d"}
,"C:\\Users\\david.cortes\\Downloads\\Proyecto ADN\\adn-ceiba-frontend\\src\\app\\feature\\Home\\components\\HolaMundo\\index.tsx": {"path":"C:\\Users\\david.cortes\\Downloads\\Proyecto ADN\\adn-ceiba-frontend\\src\\app\\feature\\Home\\components\\HolaMundo\\index.tsx","statementMap":{"0":{"start":{"line":8,"column":51},"end":{"line":8,"column":78}},"1":{"start":{"line":8,"column":64},"end":{"line":8,"column":78}},"2":{"start":{"line":10,"column":0},"end":{"line":12,"column":2}}},"fnMap":{"0":{"name":"(anonymous_0)","decl":{"start":{"line":8,"column":51},"end":{"line":8,"column":52}},"loc":{"start":{"line":8,"column":64},"end":{"line":8,"column":78}},"line":8}},"branchMap":{},"s":{"0":1,"1":1,"2":1},"f":{"0":1},"b":{},"_coverageSchema":"43e27e138ebf9cfc5966b082cf9a028302ed4184","hash":"4449ce81e515a9debc76dfa39cb6c8f038064cf0"}
,"C:\\Users\\david.cortes\\Downloads\\Proyecto ADN\\adn-ceiba-frontend\\src\\app\\feature\\Home\\pages\\Main.tsx": {"path":"C:\\Users\\david.cortes\\Downloads\\Proyecto ADN\\adn-ceiba-frontend\\src\\app\\feature\\Home\\pages\\Main.tsx","statementMap":{"0":{"start":{"line":6,"column":52},"end":{"line":10,"column":1}},"1":{"start":{"line":7,"column":2},"end":{"line":9,"column":11}},"2":{"start":{"line":12,"column":0},"end":{"line":12,"column":42}}},"fnMap":{"0":{"name":"(anonymous_0)","decl":{"start":{"line":6,"column":52},"end":{"line":6,"column":53}},"loc":{"start":{"line":7,"column":2},"end":{"line":9,"column":11}},"line":7}},"branchMap":{},"s":{"0":0,"1":0,"2":0},"f":{"0":0},"b":{},"hash":"abb6ea425db43702ca25db54b17962032ab440e8"}
,"C:\\Users\\david.cortes\\Downloads\\Proyecto ADN\\adn-ceiba-frontend\\src\\app\\feature\\Pedido\\PedidoRouter.tsx": {"path":"C:\\Users\\david.cortes\\Downloads\\Proyecto ADN\\adn-ceiba-frontend\\src\\app\\feature\\Pedido\\PedidoRouter.tsx","statementMap":{"0":{"start":{"line":5,"column":23},"end":{"line":5,"column":63}},"1":{"start":{"line":5,"column":40},"end":{"line":5,"column":62}},"2":{"start":{"line":7,"column":28},"end":{"line":14,"column":1}},"3":{"start":{"line":8,"column":2},"end":{"line":13,"column":19}}},"fnMap":{"0":{"name":"(anonymous_0)","decl":{"start":{"line":5,"column":34},"end":{"line":5,"column":35}},"loc":{"start":{"line":5,"column":40},"end":{"line":5,"column":62}},"line":5},"1":{"name":"(anonymous_1)","decl":{"start":{"line":7,"column":28},"end":{"line":7,"column":29}},"loc":{"start":{"line":8,"column":2},"end":{"line":13,"column":19}},"line":8}},"branchMap":{},"s":{"0":0,"1":0,"2":0,"3":0},"f":{"0":0,"1":0},"b":{},"hash":"7c17255e91a9ba75266333d5a3762c7282ff30ec"}
,"C:\\Users\\david.cortes\\Downloads\\Proyecto ADN\\adn-ceiba-frontend\\src\\app\\feature\\Pedido\\components\\BtnFinalizarPedido\\index.tsx": {"path":"C:\\Users\\david.cortes\\Downloads\\Proyecto ADN\\adn-ceiba-frontend\\src\\app\\feature\\Pedido\\components\\BtnFinalizarPedido\\index.tsx","statementMap":{"0":{"start":{"line":11,"column":64},"end":{"line":23,"column":1}},"1":{"start":{"line":15,"column":26},"end":{"line":15,"column":51}},"2":{"start":{"line":15,"column":32},"end":{"line":15,"column":51}},"3":{"start":{"line":16,"column":2},"end":{"line":22,"column":4}},"4":{"start":{"line":25,"column":0},"end":{"line":28,"column":2}}},"fnMap":{"0":{"name":"(anonymous_0)","decl":{"start":{"line":11,"column":64},"end":{"line":11,"column":65}},"loc":{"start":{"line":14,"column":6},"end":{"line":23,"column":1}},"line":14},"1":{"name":"(anonymous_1)","decl":{"start":{"line":15,"column":26},"end":{"line":15,"column":27}},"loc":{"start":{"line":15,"column":32},"end":{"line":15,"column":51}},"line":15}},"branchMap":{},"s":{"0":3,"1":22,"2":3,"3":22,"4":3},"f":{"0":22,"1":3},"b":{},"_coverageSchema":"43e27e138ebf9cfc5966b082cf9a028302ed4184","hash":"9b449e159153702d338477d7169bb6f4af5a2663"}
,"C:\\Users\\david.cortes\\Downloads\\Proyecto ADN\\adn-ceiba-frontend\\src\\app\\feature\\Pedido\\components\\BtnSolicitarPedido\\index.tsx": {"path":"C:\\Users\\david.cortes\\Downloads\\Proyecto ADN\\adn-ceiba-frontend\\src\\app\\feature\\Pedido\\components\\BtnSolicitarPedido\\index.tsx","statementMap":{"0":{"start":{"line":11,"column":69},"end":{"line":23,"column":1}},"1":{"start":{"line":15,"column":26},"end":{"line":15,"column":51}},"2":{"start":{"line":15,"column":32},"end":{"line":15,"column":51}},"3":{"start":{"line":16,"column":2},"end":{"line":22,"column":4}},"4":{"start":{"line":25,"column":0},"end":{"line":28,"column":2}}},"fnMap":{"0":{"name":"(anonymous_0)","decl":{"start":{"line":11,"column":69},"end":{"line":11,"column":70}},"loc":{"start":{"line":14,"column":6},"end":{"line":23,"column":1}},"line":14},"1":{"name":"(anonymous_1)","decl":{"start":{"line":15,"column":26},"end":{"line":15,"column":27}},"loc":{"start":{"line":15,"column":32},"end":{"line":15,"column":51}},"line":15}},"branchMap":{},"s":{"0":4,"1":10,"2":2,"3":10,"4":4},"f":{"0":10,"1":2},"b":{},"_coverageSchema":"43e27e138ebf9cfc5966b082cf9a028302ed4184","hash":"21a95720bc44c6e1aceace8b44d5d5aa76a4f22f"}
,"C:\\Users\\david.cortes\\Downloads\\Proyecto ADN\\adn-ceiba-frontend\\src\\app\\feature\\Pedido\\components\\CaracteristicasPedido\\index.tsx": {"path":"C:\\Users\\david.cortes\\Downloads\\Proyecto ADN\\adn-ceiba-frontend\\src\\app\\feature\\Pedido\\components\\CaracteristicasPedido\\index.tsx","statementMap":{"0":{"start":{"line":13,"column":75},"end":{"line":43,"column":1}},"1":{"start":{"line":18,"column":62},"end":{"line":18,"column":83}},"2":{"start":{"line":19,"column":2},"end":{"line":42,"column":4}},"3":{"start":{"line":26,"column":8},"end":{"line":26,"column":40}},"4":{"start":{"line":33,"column":14},"end":{"line":33,"column":45}},"5":{"start":{"line":36,"column":14},"end":{"line":36,"column":47}},"6":{"start":{"line":45,"column":0},"end":{"line":48,"column":2}}},"fnMap":{"0":{"name":"(anonymous_0)","decl":{"start":{"line":13,"column":75},"end":{"line":13,"column":76}},"loc":{"start":{"line":16,"column":6},"end":{"line":43,"column":1}},"line":16},"1":{"name":"(anonymous_1)","decl":{"start":{"line":25,"column":55},"end":{"line":25,"column":56}},"loc":{"start":{"line":25,"column":61},"end":{"line":27,"column":7}},"line":25},"2":{"name":"(anonymous_2)","decl":{"start":{"line":32,"column":22},"end":{"line":32,"column":23}},"loc":{"start":{"line":32,"column":34},"end":{"line":34,"column":13}},"line":32},"3":{"name":"(anonymous_3)","decl":{"start":{"line":35,"column":30},"end":{"line":35,"column":31}},"loc":{"start":{"line":35,"column":36},"end":{"line":37,"column":13}},"line":35}},"branchMap":{"0":{"loc":{"start":{"line":28,"column":7},"end":{"line":39,"column":30}},"type":"binary-expr","locations":[{"start":{"line":28,"column":7},"end":{"line":28,"column":29}},{"start":{"line":29,"column":8},"end":{"line":39,"column":30}}],"line":28}},"s":{"0":2,"1":8,"2":8,"3":2,"4":0,"5":1,"6":2},"f":{"0":8,"1":2,"2":0,"3":1},"b":{"0":[8,2]},"_coverageSchema":"43e27e138ebf9cfc5966b082cf9a028302ed4184","hash":"be93ca7b855d5e5f500c1c4169b3e09a5bb530a4"}
,"C:\\Users\\david.cortes\\Downloads\\Proyecto ADN\\adn-ceiba-frontend\\src\\app\\feature\\Pedido\\components\\CaracteristicasPedido\\styles.ts": {"path":"C:\\Users\\david.cortes\\Downloads\\Proyecto ADN\\adn-ceiba-frontend\\src\\app\\feature\\Pedido\\components\\CaracteristicasPedido\\styles.ts","statementMap":{"0":{"start":{"line":3,"column":46},"end":{"line":17,"column":1}},"1":{"start":{"line":19,"column":35},"end":{"line":30,"column":1}}},"fnMap":{},"branchMap":{},"s":{"0":2,"1":2},"f":{},"b":{},"_coverageSchema":"43e27e138ebf9cfc5966b082cf9a028302ed4184","hash":"e75f012be4bb2a65a2affa97eaacbcb9ae36e825"}
,"C:\\Users\\david.cortes\\Downloads\\Proyecto ADN\\adn-ceiba-frontend\\src\\app\\feature\\Pedido\\components\\FormSolicitarPedido\\index.tsx": {"path":"C:\\Users\\david.cortes\\Downloads\\Proyecto ADN\\adn-ceiba-frontend\\src\\app\\feature\\Pedido\\components\\FormSolicitarPedido\\index.tsx","statementMap":{"0":{"start":{"line":28,"column":25},"end":{"line":31,"column":2}},"1":{"start":{"line":33,"column":71},"end":{"line":97,"column":1}},"2":{"start":{"line":42,"column":23},"end":{"line":58,"column":3}},"3":{"start":{"line":46,"column":4},"end":{"line":55,"column":7}},"4":{"start":{"line":56,"column":4},"end":{"line":56,"column":16}},"5":{"start":{"line":57,"column":4},"end":{"line":57,"column":23}},"6":{"start":{"line":60,"column":17},"end":{"line":64,"column":4}},"7":{"start":{"line":66,"column":25},"end":{"line":68,"column":3}},"8":{"start":{"line":67,"column":4},"end":{"line":67,"column":23}},"9":{"start":{"line":70,"column":2},"end":{"line":96,"column":4}},"10":{"start":{"line":99,"column":0},"end":{"line":107,"column":2}}},"fnMap":{"0":{"name":"(anonymous_0)","decl":{"start":{"line":33,"column":71},"end":{"line":33,"column":72}},"loc":{"start":{"line":41,"column":6},"end":{"line":97,"column":1}},"line":41},"1":{"name":"(anonymous_1)","decl":{"start":{"line":42,"column":23},"end":{"line":42,"column":24}},"loc":{"start":{"line":45,"column":7},"end":{"line":58,"column":3}},"line":45},"2":{"name":"(anonymous_2)","decl":{"start":{"line":66,"column":25},"end":{"line":66,"column":26}},"loc":{"start":{"line":66,"column":31},"end":{"line":68,"column":3}},"line":66},"3":{"name":"(anonymous_3)","decl":{"start":{"line":93,"column":57},"end":{"line":93,"column":58}},"loc":{"start":{"line":93,"column":63},"end":{"line":93,"column":65}},"line":93}},"branchMap":{"0":{"loc":{"start":{"line":37,"column":2},"end":{"line":40,"column":3}},"type":"default-arg","locations":[{"start":{"line":37,"column":18},"end":{"line":40,"column":3}}],"line":37},"1":{"loc":{"start":{"line":81,"column":9},"end":{"line":83,"column":9}},"type":"binary-expr","locations":[{"start":{"line":81,"column":9},"end":{"line":81,"column":33}},{"start":{"line":81,"column":37},"end":{"line":81,"column":60}},{"start":{"line":82,"column":10},"end":{"line":82,"column":58}}],"line":81},"2":{"loc":{"start":{"line":90,"column":9},"end":{"line":92,"column":9}},"type":"binary-expr","locations":[{"start":{"line":90,"column":9},"end":{"line":90,"column":31}},{"start":{"line":90,"column":35},"end":{"line":90,"column":56}},{"start":{"line":91,"column":10},"end":{"line":91,"column":56}}],"line":90}},"s":{"0":3,"1":3,"2":22,"3":1,"4":1,"5":1,"6":22,"7":22,"8":1,"9":22,"10":3},"f":{"0":22,"1":1,"2":1,"3":3},"b":{"0":[22],"1":[22,9,2],"2":[22,9,5]},"_coverageSchema":"43e27e138ebf9cfc5966b082cf9a028302ed4184","hash":"8571ce05f46189a1198bf85f4f0ce47def1254e4"}
,"C:\\Users\\david.cortes\\Downloads\\Proyecto ADN\\adn-ceiba-frontend\\src\\app\\feature\\Pedido\\components\\FormSolicitarPedido\\styles.ts": {"path":"C:\\Users\\david.cortes\\Downloads\\Proyecto ADN\\adn-ceiba-frontend\\src\\app\\feature\\Pedido\\components\\FormSolicitarPedido\\styles.ts","statementMap":{"0":{"start":{"line":3,"column":44},"end":{"line":15,"column":1}},"1":{"start":{"line":17,"column":24},"end":{"line":19,"column":1}},"2":{"start":{"line":21,"column":21},"end":{"line":28,"column":1}},"3":{"start":{"line":30,"column":20},"end":{"line":37,"column":1}},"4":{"start":{"line":39,"column":25},"end":{"line":43,"column":1}}},"fnMap":{},"branchMap":{},"s":{"0":3,"1":3,"2":3,"3":3,"4":3},"f":{},"b":{},"_coverageSchema":"43e27e138ebf9cfc5966b082cf9a028302ed4184","hash":"39ef71cba8c2a2aa51e5b8d3719bd7d248efd6b3"}
,"C:\\Users\\david.cortes\\Downloads\\Proyecto ADN\\adn-ceiba-frontend\\src\\app\\feature\\Pedido\\components\\ListarPedido\\index.tsx": {"path":"C:\\Users\\david.cortes\\Downloads\\Proyecto ADN\\adn-ceiba-frontend\\src\\app\\feature\\Pedido\\components\\ListarPedido\\index.tsx","statementMap":{"0":{"start":{"line":13,"column":55},"end":{"line":38,"column":1}},"1":{"start":{"line":19,"column":62},"end":{"line":19,"column":83}},"2":{"start":{"line":20,"column":2},"end":{"line":37,"column":4}},"3":{"start":{"line":23,"column":8},"end":{"line":34,"column":10}},"4":{"start":{"line":31,"column":16},"end":{"line":31,"column":65}},"5":{"start":{"line":40,"column":0},"end":{"line":44,"column":2}}},"fnMap":{"0":{"name":"(anonymous_0)","decl":{"start":{"line":13,"column":55},"end":{"line":13,"column":56}},"loc":{"start":{"line":17,"column":6},"end":{"line":38,"column":1}},"line":17},"1":{"name":"(anonymous_1)","decl":{"start":{"line":22,"column":70},"end":{"line":22,"column":71}},"loc":{"start":{"line":22,"column":91},"end":{"line":35,"column":7}},"line":22},"2":{"name":"(anonymous_2)","decl":{"start":{"line":27,"column":43},"end":{"line":27,"column":44}},"loc":{"start":{"line":27,"column":47},"end":{"line":29,"column":15}},"line":27},"3":{"name":"(anonymous_3)","decl":{"start":{"line":30,"column":42},"end":{"line":30,"column":43}},"loc":{"start":{"line":30,"column":76},"end":{"line":32,"column":15}},"line":30}},"branchMap":{"0":{"loc":{"start":{"line":22,"column":7},"end":{"line":35,"column":8}},"type":"binary-expr","locations":[{"start":{"line":22,"column":7},"end":{"line":22,"column":34}},{"start":{"line":22,"column":38},"end":{"line":35,"column":8}}],"line":22}},"s":{"0":2,"1":2,"2":2,"3":1,"4":0,"5":2},"f":{"0":2,"1":1,"2":0,"3":0},"b":{"0":[2,2]},"_coverageSchema":"43e27e138ebf9cfc5966b082cf9a028302ed4184","hash":"bced5fab087aab64ba176013c3d36d66982d139e"}
,"C:\\Users\\david.cortes\\Downloads\\Proyecto ADN\\adn-ceiba-frontend\\src\\app\\feature\\Pedido\\components\\ListarPedido\\styles.ts": {"path":"C:\\Users\\david.cortes\\Downloads\\Proyecto ADN\\adn-ceiba-frontend\\src\\app\\feature\\Pedido\\components\\ListarPedido\\styles.ts","statementMap":{"0":{"start":{"line":3,"column":31},"end":{"line":11,"column":1}},"1":{"start":{"line":13,"column":35},"end":{"line":23,"column":1}}},"fnMap":{},"branchMap":{},"s":{"0":2,"1":2},"f":{},"b":{},"_coverageSchema":"43e27e138ebf9cfc5966b082cf9a028302ed4184","hash":"a44a37fdd96f73cef1afef65c146bd573eb0d754"}
,"C:\\Users\\david.cortes\\Downloads\\Proyecto ADN\\adn-ceiba-frontend\\src\\app\\feature\\Pedido\\components\\TarjetaProductoSolicitado\\index.tsx": {"path":"C:\\Users\\david.cortes\\Downloads\\Proyecto ADN\\adn-ceiba-frontend\\src\\app\\feature\\Pedido\\components\\TarjetaProductoSolicitado\\index.tsx","statementMap":{"0":{"start":{"line":23,"column":83},"end":{"line":61,"column":1}},"1":{"start":{"line":28,"column":25},"end":{"line":31,"column":3}},"2":{"start":{"line":29,"column":4},"end":{"line":29,"column":54}},"3":{"start":{"line":30,"column":4},"end":{"line":30,"column":29}},"4":{"start":{"line":33,"column":2},"end":{"line":60,"column":4}},"5":{"start":{"line":63,"column":0},"end":{"line":67,"column":2}}},"fnMap":{"0":{"name":"(anonymous_0)","decl":{"start":{"line":23,"column":83},"end":{"line":23,"column":84}},"loc":{"start":{"line":27,"column":6},"end":{"line":61,"column":1}},"line":27},"1":{"name":"(anonymous_1)","decl":{"start":{"line":28,"column":25},"end":{"line":28,"column":26}},"loc":{"start":{"line":28,"column":31},"end":{"line":31,"column":3}},"line":28}},"branchMap":{},"s":{"0":3,"1":2,"2":0,"3":0,"4":2,"5":3},"f":{"0":2,"1":0},"b":{},"_coverageSchema":"43e27e138ebf9cfc5966b082cf9a028302ed4184","hash":"35849397ba3ddf8b4212beb92b9bccd3e468f9dd"}
,"C:\\Users\\david.cortes\\Downloads\\Proyecto ADN\\adn-ceiba-frontend\\src\\app\\feature\\Pedido\\components\\TarjetaProductoSolicitado\\styles.ts": {"path":"C:\\Users\\david.cortes\\Downloads\\Proyecto ADN\\adn-ceiba-frontend\\src\\app\\feature\\Pedido\\components\\TarjetaProductoSolicitado\\styles.ts","statementMap":{"0":{"start":{"line":3,"column":50},"end":{"line":14,"column":1}},"1":{"start":{"line":16,"column":24},"end":{"line":20,"column":1}},"2":{"start":{"line":22,"column":30},"end":{"line":27,"column":1}},"3":{"start":{"line":29,"column":29},"end":{"line":33,"column":1}},"4":{"start":{"line":35,"column":31},"end":{"line":39,"column":1}},"5":{"start":{"line":41,"column":24},"end":{"line":46,"column":1}},"6":{"start":{"line":48,"column":39},"end":{"line":55,"column":1}},"7":{"start":{"line":57,"column":30},"end":{"line":65,"column":1}}},"fnMap":{},"branchMap":{},"s":{"0":3,"1":3,"2":3,"3":3,"4":3,"5":3,"6":3,"7":3},"f":{},"b":{},"_coverageSchema":"43e27e138ebf9cfc5966b082cf9a028302ed4184","hash":"c69ec606b66675b3a4b5ddfe94edc2a1579a5a85"}
,"C:\\Users\\david.cortes\\Downloads\\Proyecto ADN\\adn-ceiba-frontend\\src\\app\\feature\\Pedido\\containers\\GestionPedido\\index.tsx": {"path":"C:\\Users\\david.cortes\\Downloads\\Proyecto ADN\\adn-ceiba-frontend\\src\\app\\feature\\Pedido\\containers\\GestionPedido\\index.tsx","statementMap":{"0":{"start":{"line":17,"column":59},"end":{"line":34,"column":1}},"1":{"start":{"line":23,"column":2},"end":{"line":25,"column":21}},"2":{"start":{"line":24,"column":4},"end":{"line":24,"column":28}},"3":{"start":{"line":27,"column":2},"end":{"line":33,"column":4}},"4":{"start":{"line":30,"column":169},"end":{"line":30,"column":217}},"5":{"start":{"line":36,"column":0},"end":{"line":41,"column":2}}},"fnMap":{"0":{"name":"(anonymous_0)","decl":{"start":{"line":17,"column":59},"end":{"line":17,"column":60}},"loc":{"start":{"line":22,"column":6},"end":{"line":34,"column":1}},"line":22},"1":{"name":"(anonymous_1)","decl":{"start":{"line":23,"column":12},"end":{"line":23,"column":13}},"loc":{"start":{"line":23,"column":18},"end":{"line":25,"column":3}},"line":23},"2":{"name":"(anonymous_2)","decl":{"start":{"line":30,"column":97},"end":{"line":30,"column":98}},"loc":{"start":{"line":30,"column":103},"end":{"line":30,"column":105}},"line":30},"3":{"name":"(anonymous_3)","decl":{"start":{"line":30,"column":135},"end":{"line":30,"column":136}},"loc":{"start":{"line":30,"column":169},"end":{"line":30,"column":217}},"line":30}},"branchMap":{"0":{"loc":{"start":{"line":29,"column":10},"end":{"line":29,"column":91}},"type":"binary-expr","locations":[{"start":{"line":29,"column":11},"end":{"line":29,"column":18}},{"start":{"line":29,"column":22},"end":{"line":29,"column":40}},{"start":{"line":29,"column":45},"end":{"line":29,"column":91}}],"line":29},"1":{"loc":{"start":{"line":30,"column":10},"end":{"line":30,"column":221}},"type":"binary-expr","locations":[{"start":{"line":30,"column":11},"end":{"line":30,"column":17}},{"start":{"line":30,"column":21},"end":{"line":30,"column":39}},{"start":{"line":30,"column":44},"end":{"line":30,"column":221}}],"line":30},"2":{"loc":{"start":{"line":31,"column":10},"end":{"line":31,"column":126}},"type":"binary-expr","locations":[{"start":{"line":31,"column":11},"end":{"line":31,"column":17}},{"start":{"line":31,"column":21},"end":{"line":31,"column":39}},{"start":{"line":31,"column":44},"end":{"line":31,"column":126}}],"line":31}},"s":{"0":1,"1":1,"2":1,"3":1,"4":0,"5":1},"f":{"0":1,"1":1,"2":0,"3":0},"b":{"0":[1,1,0],"1":[1,1,1],"2":[1,1,1]},"_coverageSchema":"43e27e138ebf9cfc5966b082cf9a028302ed4184","hash":"678dd12dc758626c12680ae9db9cbad17bbfd2d0"}
,"C:\\Users\\david.cortes\\Downloads\\Proyecto ADN\\adn-ceiba-frontend\\src\\app\\feature\\Pedido\\containers\\GestionPedido\\styles.ts": {"path":"C:\\Users\\david.cortes\\Downloads\\Proyecto ADN\\adn-ceiba-frontend\\src\\app\\feature\\Pedido\\containers\\GestionPedido\\styles.ts","statementMap":{"0":{"start":{"line":3,"column":28},"end":{"line":10,"column":1}},"1":{"start":{"line":12,"column":22},"end":{"line":14,"column":1}}},"fnMap":{},"branchMap":{},"s":{"0":1,"1":1},"f":{},"b":{},"_coverageSchema":"43e27e138ebf9cfc5966b082cf9a028302ed4184","hash":"bbe1b698a4ff37a8302995a1cedd562477c11a66"}
,"C:\\Users\\david.cortes\\Downloads\\Proyecto ADN\\adn-ceiba-frontend\\src\\app\\feature\\Pedido\\hoc\\ProveedorGestionPedido.tsx": {"path":"C:\\Users\\david.cortes\\Downloads\\Proyecto ADN\\adn-ceiba-frontend\\src\\app\\feature\\Pedido\\hoc\\ProveedorGestionPedido.tsx","statementMap":{"0":{"start":{"line":7,"column":24},"end":{"line":9,"column":1}},"1":{"start":{"line":8,"column":2},"end":{"line":8,"column":22}},"2":{"start":{"line":11,"column":38},"end":{"line":15,"column":17}}},"fnMap":{"0":{"name":"(anonymous_0)","decl":{"start":{"line":7,"column":24},"end":{"line":7,"column":25}},"loc":{"start":{"line":7,"column":50},"end":{"line":9,"column":1}},"line":7}},"branchMap":{},"s":{"0":0,"1":0,"2":0},"f":{"0":0},"b":{},"hash":"d85620d86dfd4d067499a9fce0bd90b50d8b408b"}
,"C:\\Users\\david.cortes\\Downloads\\Proyecto ADN\\adn-ceiba-frontend\\src\\app\\feature\\Pedido\\models\\Pedido.ts": {"path":"C:\\Users\\david.cortes\\Downloads\\Proyecto ADN\\adn-ceiba-frontend\\src\\app\\feature\\Pedido\\models\\Pedido.ts","statementMap":{},"fnMap":{},"branchMap":{},"s":{},"f":{},"b":{},"hash":"a0b7f336ebdf09475c73806169f24ec9b6805f21"}
,"C:\\Users\\david.cortes\\Downloads\\Proyecto ADN\\adn-ceiba-frontend\\src\\app\\feature\\Pedido\\pages\\Main.tsx": {"path":"C:\\Users\\david.cortes\\Downloads\\Proyecto ADN\\adn-ceiba-frontend\\src\\app\\feature\\Pedido\\pages\\Main.tsx","statementMap":{"0":{"start":{"line":6,"column":54},"end":{"line":12,"column":1}},"1":{"start":{"line":7,"column":2},"end":{"line":11,"column":4}},"2":{"start":{"line":14,"column":0},"end":{"line":14,"column":46}}},"fnMap":{"0":{"name":"(anonymous_0)","decl":{"start":{"line":6,"column":54},"end":{"line":6,"column":55}},"loc":{"start":{"line":6,"column":60},"end":{"line":12,"column":1}},"line":6}},"branchMap":{},"s":{"0":0,"1":0,"2":0},"f":{"0":0},"b":{},"hash":"78e4bca33f11f9ab3ed3143fcde6818d8c2cc6eb"}
,"C:\\Users\\david.cortes\\Downloads\\Proyecto ADN\\adn-ceiba-frontend\\src\\app\\feature\\Producto\\ProductoRouter.tsx": {"path":"C:\\Users\\david.cortes\\Downloads\\Proyecto ADN\\adn-ceiba-frontend\\src\\app\\feature\\Producto\\ProductoRouter.tsx","statementMap":{"0":{"start":{"line":5,"column":17},"end":{"line":5,"column":57}},"1":{"start":{"line":5,"column":34},"end":{"line":5,"column":56}},"2":{"start":{"line":7,"column":30},"end":{"line":14,"column":1}},"3":{"start":{"line":8,"column":2},"end":{"line":13,"column":19}}},"fnMap":{"0":{"name":"(anonymous_0)","decl":{"start":{"line":5,"column":28},"end":{"line":5,"column":29}},"loc":{"start":{"line":5,"column":34},"end":{"line":5,"column":56}},"line":5},"1":{"name":"(anonymous_1)","decl":{"start":{"line":7,"column":30},"end":{"line":7,"column":31}},"loc":{"start":{"line":8,"column":2},"end":{"line":13,"column":19}},"line":8}},"branchMap":{},"s":{"0":0,"1":0,"2":0,"3":0},"f":{"0":0,"1":0},"b":{},"hash":"fd8827e5e36422166133240fe53bec14a7dc4f88"}
,"C:\\Users\\david.cortes\\Downloads\\Proyecto ADN\\adn-ceiba-frontend\\src\\app\\feature\\Producto\\components\\BtnPersonalizarProducto\\index.tsx": {"path":"C:\\Users\\david.cortes\\Downloads\\Proyecto ADN\\adn-ceiba-frontend\\src\\app\\feature\\Producto\\components\\BtnPersonalizarProducto\\index.tsx","statementMap":{"0":{"start":{"line":11,"column":79},"end":{"line":23,"column":1}},"1":{"start":{"line":15,"column":29},"end":{"line":15,"column":59}},"2":{"start":{"line":15,"column":35},"end":{"line":15,"column":59}},"3":{"start":{"line":16,"column":2},"end":{"line":22,"column":4}},"4":{"start":{"line":25,"column":0},"end":{"line":34,"column":2}}},"fnMap":{"0":{"name":"(anonymous_0)","decl":{"start":{"line":11,"column":79},"end":{"line":11,"column":80}},"loc":{"start":{"line":14,"column":6},"end":{"line":23,"column":1}},"line":14},"1":{"name":"(anonymous_1)","decl":{"start":{"line":15,"column":29},"end":{"line":15,"column":30}},"loc":{"start":{"line":15,"column":35},"end":{"line":15,"column":59}},"line":15}},"branchMap":{},"s":{"0":4,"1":24,"2":3,"3":24,"4":4},"f":{"0":24,"1":3},"b":{},"_coverageSchema":"43e27e138ebf9cfc5966b082cf9a028302ed4184","hash":"456a3cf00a193f7cadfa261a813114f5e489e550"}
,"C:\\Users\\david.cortes\\Downloads\\Proyecto ADN\\adn-ceiba-frontend\\src\\app\\feature\\Producto\\components\\BtnSolicitarProducto\\index.tsx": {"path":"C:\\Users\\david.cortes\\Downloads\\Proyecto ADN\\adn-ceiba-frontend\\src\\app\\feature\\Producto\\components\\BtnSolicitarProducto\\index.tsx","statementMap":{"0":{"start":{"line":11,"column":73},"end":{"line":23,"column":1}},"1":{"start":{"line":15,"column":26},"end":{"line":15,"column":53}},"2":{"start":{"line":15,"column":32},"end":{"line":15,"column":53}},"3":{"start":{"line":16,"column":2},"end":{"line":22,"column":4}},"4":{"start":{"line":25,"column":0},"end":{"line":34,"column":2}}},"fnMap":{"0":{"name":"(anonymous_0)","decl":{"start":{"line":11,"column":73},"end":{"line":11,"column":74}},"loc":{"start":{"line":14,"column":6},"end":{"line":23,"column":1}},"line":14},"1":{"name":"(anonymous_1)","decl":{"start":{"line":15,"column":26},"end":{"line":15,"column":27}},"loc":{"start":{"line":15,"column":32},"end":{"line":15,"column":53}},"line":15}},"branchMap":{},"s":{"0":1,"1":1,"2":0,"3":1,"4":1},"f":{"0":1,"1":0},"b":{},"_coverageSchema":"43e27e138ebf9cfc5966b082cf9a028302ed4184","hash":"9a12ba9c7b94a7b20c213dbb5a8c55dd1129fdc0"}
,"C:\\Users\\david.cortes\\Downloads\\Proyecto ADN\\adn-ceiba-frontend\\src\\app\\feature\\Producto\\components\\ListarProductos\\index.tsx": {"path":"C:\\Users\\david.cortes\\Downloads\\Proyecto ADN\\adn-ceiba-frontend\\src\\app\\feature\\Producto\\components\\ListarProductos\\index.tsx","statementMap":{"0":{"start":{"line":14,"column":61},"end":{"line":55,"column":1}},"1":{"start":{"line":18,"column":25},"end":{"line":24,"column":1}},"2":{"start":{"line":25,"column":56},"end":{"line":25,"column":77}},"3":{"start":{"line":26,"column":58},"end":{"line":26,"column":78}},"4":{"start":{"line":27,"column":2},"end":{"line":54,"column":4}},"5":{"start":{"line":30,"column":8},"end":{"line":37,"column":20}},"6":{"start":{"line":35,"column":16},"end":{"line":35,"column":45}},"7":{"start":{"line":36,"column":16},"end":{"line":36,"column":50}},"8":{"start":{"line":44,"column":14},"end":{"line":44,"column":67}},"9":{"start":{"line":47,"column":14},"end":{"line":47,"column":44}},"10":{"start":{"line":48,"column":14},"end":{"line":48,"column":44}},"11":{"start":{"line":57,"column":0},"end":{"line":60,"column":2}}},"fnMap":{"0":{"name":"(anonymous_0)","decl":{"start":{"line":14,"column":61},"end":{"line":14,"column":62}},"loc":{"start":{"line":17,"column":6},"end":{"line":55,"column":1}},"line":17},"1":{"name":"(anonymous_1)","decl":{"start":{"line":29,"column":34},"end":{"line":29,"column":35}},"loc":{"start":{"line":29,"column":55},"end":{"line":38,"column":7}},"line":29},"2":{"name":"(anonymous_2)","decl":{"start":{"line":34,"column":43},"end":{"line":34,"column":44}},"loc":{"start":{"line":34,"column":47},"end":{"line":37,"column":15}},"line":34},"3":{"name":"(anonymous_3)","decl":{"start":{"line":43,"column":22},"end":{"line":43,"column":23}},"loc":{"start":{"line":43,"column":46},"end":{"line":45,"column":13}},"line":43},"4":{"name":"(anonymous_4)","decl":{"start":{"line":46,"column":30},"end":{"line":46,"column":31}},"loc":{"start":{"line":46,"column":36},"end":{"line":49,"column":13}},"line":46}},"branchMap":{"0":{"loc":{"start":{"line":29,"column":7},"end":{"line":38,"column":8}},"type":"binary-expr","locations":[{"start":{"line":29,"column":7},"end":{"line":29,"column":16}},{"start":{"line":29,"column":20},"end":{"line":38,"column":8}}],"line":29},"1":{"loc":{"start":{"line":39,"column":7},"end":{"line":51,"column":30}},"type":"binary-expr","locations":[{"start":{"line":39,"column":7},"end":{"line":39,"column":26}},{"start":{"line":40,"column":8},"end":{"line":51,"column":30}}],"line":39}},"s":{"0":2,"1":11,"2":11,"3":11,"4":11,"5":22,"6":3,"7":3,"8":1,"9":2,"10":2,"11":2},"f":{"0":11,"1":22,"2":3,"3":1,"4":2},"b":{"0":[11,11],"1":[11,3]},"_coverageSchema":"43e27e138ebf9cfc5966b082cf9a028302ed4184","hash":"4d5e9207dfb3697576959eb02cdcc64fbad38c80"}
,"C:\\Users\\david.cortes\\Downloads\\Proyecto ADN\\adn-ceiba-frontend\\src\\app\\feature\\Producto\\components\\ListarProductos\\styles.ts": {"path":"C:\\Users\\david.cortes\\Downloads\\Proyecto ADN\\adn-ceiba-frontend\\src\\app\\feature\\Producto\\components\\ListarProductos\\styles.ts","statementMap":{"0":{"start":{"line":3,"column":34},"end":{"line":8,"column":1}},"1":{"start":{"line":10,"column":35},"end":{"line":20,"column":1}}},"fnMap":{},"branchMap":{},"s":{"0":2,"1":2},"f":{},"b":{},"_coverageSchema":"43e27e138ebf9cfc5966b082cf9a028302ed4184","hash":"14040e265f48b99b75194a942369f8c3ff10c0aa"}
,"C:\\Users\\david.cortes\\Downloads\\Proyecto ADN\\adn-ceiba-frontend\\src\\app\\feature\\Producto\\components\\PaginadorProductos\\index.tsx": {"path":"C:\\Users\\david.cortes\\Downloads\\Proyecto ADN\\adn-ceiba-frontend\\src\\app\\feature\\Producto\\components\\PaginadorProductos\\index.tsx","statementMap":{"0":{"start":{"line":9,"column":38},"end":{"line":9,"column":40}},"1":{"start":{"line":11,"column":69},"end":{"line":39,"column":1}},"2":{"start":{"line":15,"column":2},"end":{"line":17,"column":3}},"3":{"start":{"line":16,"column":4},"end":{"line":16,"column":16}},"4":{"start":{"line":19,"column":16},"end":{"line":23,"column":3}},"5":{"start":{"line":25,"column":2},"end":{"line":38,"column":4}},"6":{"start":{"line":28,"column":8},"end":{"line":35,"column":10}},"7":{"start":{"line":30,"column":27},"end":{"line":30,"column":54}},"8":{"start":{"line":41,"column":0},"end":{"line":44,"column":2}}},"fnMap":{"0":{"name":"(anonymous_0)","decl":{"start":{"line":11,"column":69},"end":{"line":11,"column":70}},"loc":{"start":{"line":14,"column":6},"end":{"line":39,"column":1}},"line":14},"1":{"name":"(anonymous_1)","decl":{"start":{"line":27,"column":17},"end":{"line":27,"column":18}},"loc":{"start":{"line":27,"column":28},"end":{"line":36,"column":7}},"line":27},"2":{"name":"(anonymous_2)","decl":{"start":{"line":30,"column":21},"end":{"line":30,"column":22}},"loc":{"start":{"line":30,"column":27},"end":{"line":30,"column":54}},"line":30}},"branchMap":{"0":{"loc":{"start":{"line":15,"column":2},"end":{"line":17,"column":3}},"type":"if","locations":[{"start":{"line":15,"column":2},"end":{"line":17,"column":3}},{"start":{"line":15,"column":2},"end":{"line":17,"column":3}}],"line":15}},"s":{"0":2,"1":2,"2":4,"3":2,"4":2,"5":2,"6":4,"7":0,"8":2},"f":{"0":4,"1":4,"2":0},"b":{"0":[2,2]},"_coverageSchema":"43e27e138ebf9cfc5966b082cf9a028302ed4184","hash":"48ddde5880f9b060643b9750d70017a8da75fd9c"}
,"C:\\Users\\david.cortes\\Downloads\\Proyecto ADN\\adn-ceiba-frontend\\src\\app\\feature\\Producto\\components\\TarjetaProducto\\index.tsx": {"path":"C:\\Users\\david.cortes\\Downloads\\Proyecto ADN\\adn-ceiba-frontend\\src\\app\\feature\\Producto\\components\\TarjetaProducto\\index.tsx","statementMap":{"0":{"start":{"line":20,"column":63},"end":{"line":33,"column":1}},"1":{"start":{"line":24,"column":2},"end":{"line":32,"column":4}},"2":{"start":{"line":35,"column":0},"end":{"line":38,"column":2}}},"fnMap":{"0":{"name":"(anonymous_0)","decl":{"start":{"line":20,"column":63},"end":{"line":20,"column":64}},"loc":{"start":{"line":23,"column":6},"end":{"line":33,"column":1}},"line":23}},"branchMap":{},"s":{"0":3,"1":23,"2":3},"f":{"0":23},"b":{},"_coverageSchema":"43e27e138ebf9cfc5966b082cf9a028302ed4184","hash":"553b9abcf649f03858f1d8d998dca18fe8a30b23"}
,"C:\\Users\\david.cortes\\Downloads\\Proyecto ADN\\adn-ceiba-frontend\\src\\app\\feature\\Producto\\components\\TarjetaProducto\\styles.ts": {"path":"C:\\Users\\david.cortes\\Downloads\\Proyecto ADN\\adn-ceiba-frontend\\src\\app\\feature\\Producto\\components\\TarjetaProducto\\styles.ts","statementMap":{"0":{"start":{"line":3,"column":40},"end":{"line":14,"column":1}},"1":{"start":{"line":16,"column":30},"end":{"line":21,"column":1}},"2":{"start":{"line":23,"column":29},"end":{"line":27,"column":1}},"3":{"start":{"line":29,"column":31},"end":{"line":33,"column":1}},"4":{"start":{"line":35,"column":30},"end":{"line":43,"column":1}}},"fnMap":{},"branchMap":{},"s":{"0":3,"1":3,"2":3,"3":3,"4":3},"f":{},"b":{},"_coverageSchema":"43e27e138ebf9cfc5966b082cf9a028302ed4184","hash":"53e5672ee07028e4b83b4dbf8b446c60e2ea95d5"}
,"C:\\Users\\david.cortes\\Downloads\\Proyecto ADN\\adn-ceiba-frontend\\src\\app\\feature\\Producto\\containers\\GestionProductos\\index.tsx": {"path":"C:\\Users\\david.cortes\\Downloads\\Proyecto ADN\\adn-ceiba-frontend\\src\\app\\feature\\Producto\\containers\\GestionProductos\\index.tsx","statementMap":{"0":{"start":{"line":21,"column":65},"end":{"line":66,"column":1}},"1":{"start":{"line":29,"column":2},"end":{"line":44,"column":24}},"2":{"start":{"line":30,"column":4},"end":{"line":30,"column":23}},"3":{"start":{"line":31,"column":4},"end":{"line":43,"column":5}},"4":{"start":{"line":32,"column":6},"end":{"line":32,"column":37}},"5":{"start":{"line":33,"column":6},"end":{"line":42,"column":9}},"6":{"start":{"line":46,"column":2},"end":{"line":65,"column":4}},"7":{"start":{"line":52,"column":33},"end":{"line":52,"column":73}},"8":{"start":{"line":53,"column":29},"end":{"line":53,"column":53}},"9":{"start":{"line":54,"column":12},"end":{"line":54,"column":48}},"10":{"start":{"line":55,"column":12},"end":{"line":55,"column":44}},"11":{"start":{"line":56,"column":12},"end":{"line":56,"column":75}},"12":{"start":{"line":68,"column":0},"end":{"line":75,"column":2}}},"fnMap":{"0":{"name":"(anonymous_0)","decl":{"start":{"line":21,"column":65},"end":{"line":21,"column":66}},"loc":{"start":{"line":28,"column":6},"end":{"line":66,"column":1}},"line":28},"1":{"name":"(anonymous_1)","decl":{"start":{"line":29,"column":12},"end":{"line":29,"column":13}},"loc":{"start":{"line":29,"column":18},"end":{"line":44,"column":3}},"line":29},"2":{"name":"(anonymous_2)","decl":{"start":{"line":51,"column":44},"end":{"line":51,"column":45}},"loc":{"start":{"line":51,"column":74},"end":{"line":57,"column":11}},"line":51}},"branchMap":{"0":{"loc":{"start":{"line":31,"column":4},"end":{"line":43,"column":5}},"type":"if","locations":[{"start":{"line":31,"column":4},"end":{"line":43,"column":5}},{"start":{"line":31,"column":4},"end":{"line":43,"column":5}}],"line":31},"1":{"loc":{"start":{"line":31,"column":8},"end":{"line":31,"column":34}},"type":"binary-expr","locations":[{"start":{"line":31,"column":8},"end":{"line":31,"column":15}},{"start":{"line":31,"column":19},"end":{"line":31,"column":34}}],"line":31},"2":{"loc":{"start":{"line":52,"column":33},"end":{"line":52,"column":73}},"type":"binary-expr","locations":[{"start":{"line":52,"column":33},"end":{"line":52,"column":65}},{"start":{"line":52,"column":69},"end":{"line":52,"column":73}}],"line":52}},"s":{"0":1,"1":1,"2":1,"3":1,"4":0,"5":0,"6":1,"7":0,"8":0,"9":0,"10":0,"11":0,"12":1},"f":{"0":1,"1":1,"2":0},"b":{"0":[0,1],"1":[1,1],"2":[0,0]},"_coverageSchema":"43e27e138ebf9cfc5966b082cf9a028302ed4184","hash":"fd756ff3d982f90ca72dd0184b4be846408ee8db"}
,"C:\\Users\\david.cortes\\Downloads\\Proyecto ADN\\adn-ceiba-frontend\\src\\app\\feature\\Producto\\containers\\GestionProductos\\styles.ts": {"path":"C:\\Users\\david.cortes\\Downloads\\Proyecto ADN\\adn-ceiba-frontend\\src\\app\\feature\\Producto\\containers\\GestionProductos\\styles.ts","statementMap":{"0":{"start":{"line":3,"column":28},"end":{"line":7,"column":1}},"1":{"start":{"line":9,"column":22},"end":{"line":13,"column":1}}},"fnMap":{},"branchMap":{},"s":{"0":1,"1":1},"f":{},"b":{},"_coverageSchema":"43e27e138ebf9cfc5966b082cf9a028302ed4184","hash":"7abc6de31708a07cb2c0001be214b43403004cd8"}
,"C:\\Users\\david.cortes\\Downloads\\Proyecto ADN\\adn-ceiba-frontend\\src\\app\\feature\\Producto\\hoc\\ProveedorGestionProductos.tsx": {"path":"C:\\Users\\david.cortes\\Downloads\\Proyecto ADN\\adn-ceiba-frontend\\src\\app\\feature\\Producto\\hoc\\ProveedorGestionProductos.tsx","statementMap":{"0":{"start":{"line":8,"column":24},"end":{"line":14,"column":1}},"1":{"start":{"line":9,"column":2},"end":{"line":13,"column":4}},"2":{"start":{"line":16,"column":41},"end":{"line":20,"column":20}}},"fnMap":{"0":{"name":"(anonymous_0)","decl":{"start":{"line":8,"column":24},"end":{"line":8,"column":25}},"loc":{"start":{"line":8,"column":50},"end":{"line":14,"column":1}},"line":8}},"branchMap":{},"s":{"0":0,"1":0,"2":0},"f":{"0":0},"b":{},"hash":"5074c8e3d2b354f7e83d3badc4e8fd1ff02dfc7a"}
,"C:\\Users\\david.cortes\\Downloads\\Proyecto ADN\\adn-ceiba-frontend\\src\\app\\feature\\Producto\\models\\Producto.ts": {"path":"C:\\Users\\david.cortes\\Downloads\\Proyecto ADN\\adn-ceiba-frontend\\src\\app\\feature\\Producto\\models\\Producto.ts","statementMap":{},"fnMap":{},"branchMap":{},"s":{},"f":{},"b":{},"hash":"a7feb1a1e7a531677dc87b7fd18639b69100bb42"}
,"C:\\Users\\david.cortes\\Downloads\\Proyecto ADN\\adn-ceiba-frontend\\src\\app\\feature\\Producto\\models\\ProductoSolicitado.ts": {"path":"C:\\Users\\david.cortes\\Downloads\\Proyecto ADN\\adn-ceiba-frontend\\src\\app\\feature\\Producto\\models\\ProductoSolicitado.ts","statementMap":{},"fnMap":{},"branchMap":{},"s":{},"f":{},"b":{},"hash":"8f4ad1a1432878feb962c7f20290c20338c95db4"}
,"C:\\Users\\david.cortes\\Downloads\\Proyecto ADN\\adn-ceiba-frontend\\src\\app\\feature\\Producto\\pages\\Main.tsx": {"path":"C:\\Users\\david.cortes\\Downloads\\Proyecto ADN\\adn-ceiba-frontend\\src\\app\\feature\\Producto\\pages\\Main.tsx","statementMap":{"0":{"start":{"line":6,"column":48},"end":{"line":12,"column":1}},"1":{"start":{"line":7,"column":2},"end":{"line":11,"column":4}},"2":{"start":{"line":14,"column":0},"end":{"line":14,"column":38}}},"fnMap":{"0":{"name":"(anonymous_0)","decl":{"start":{"line":6,"column":48},"end":{"line":6,"column":49}},"loc":{"start":{"line":6,"column":54},"end":{"line":12,"column":1}},"line":6}},"branchMap":{},"s":{"0":0,"1":0,"2":0},"f":{"0":0},"b":{},"hash":"6d973af49fdf38d61a94728e793f21d2a1547ffb"}
,"C:\\Users\\david.cortes\\Downloads\\Proyecto ADN\\adn-ceiba-frontend\\src\\app\\shared\\components\\Button\\index.tsx": {"path":"C:\\Users\\david.cortes\\Downloads\\Proyecto ADN\\adn-ceiba-frontend\\src\\app\\shared\\components\\Button\\index.tsx","statementMap":{"0":{"start":{"line":3,"column":22},"end":{"line":15,"column":1}}},"fnMap":{},"branchMap":{},"s":{"0":11},"f":{},"b":{},"_coverageSchema":"43e27e138ebf9cfc5966b082cf9a028302ed4184","hash":"ff929ebad6f2dd15f254894053bc653c2ed13b13"}
,"C:\\Users\\david.cortes\\Downloads\\Proyecto ADN\\adn-ceiba-frontend\\src\\app\\shared\\components\\FormSolicitarProducto\\index.tsx": {"path":"C:\\Users\\david.cortes\\Downloads\\Proyecto ADN\\adn-ceiba-frontend\\src\\app\\shared\\components\\FormSolicitarProducto\\index.tsx","statementMap":{"0":{"start":{"line":37,"column":25},"end":{"line":45,"column":2}},"1":{"start":{"line":47,"column":75},"end":{"line":167,"column":1}},"2":{"start":{"line":61,"column":46},"end":{"line":66,"column":4}},"3":{"start":{"line":68,"column":34},"end":{"line":68,"column":51}},"4":{"start":{"line":70,"column":23},"end":{"line":89,"column":3}},"5":{"start":{"line":74,"column":4},"end":{"line":86,"column":7}},"6":{"start":{"line":87,"column":4},"end":{"line":87,"column":16}},"7":{"start":{"line":88,"column":4},"end":{"line":88,"column":23}},"8":{"start":{"line":91,"column":17},"end":{"line":95,"column":4}},"9":{"start":{"line":97,"column":25},"end":{"line":99,"column":3}},"10":{"start":{"line":98,"column":4},"end":{"line":98,"column":23}},"11":{"start":{"line":101,"column":28},"end":{"line":108,"column":3}},"12":{"start":{"line":102,"column":31},"end":{"line":102,"column":39}},"13":{"start":{"line":104,"column":4},"end":{"line":107,"column":7}},"14":{"start":{"line":110,"column":2},"end":{"line":166,"column":4}},"15":{"start":{"line":169,"column":0},"end":{"line":182,"column":2}}},"fnMap":{"0":{"name":"(anonymous_0)","decl":{"start":{"line":47,"column":75},"end":{"line":47,"column":76}},"loc":{"start":{"line":60,"column":6},"end":{"line":167,"column":1}},"line":60},"1":{"name":"(anonymous_1)","decl":{"start":{"line":70,"column":23},"end":{"line":70,"column":24}},"loc":{"start":{"line":73,"column":7},"end":{"line":89,"column":3}},"line":73},"2":{"name":"(anonymous_2)","decl":{"start":{"line":97,"column":25},"end":{"line":97,"column":26}},"loc":{"start":{"line":97,"column":31},"end":{"line":99,"column":3}},"line":97},"3":{"name":"(anonymous_3)","decl":{"start":{"line":101,"column":28},"end":{"line":101,"column":29}},"loc":{"start":{"line":101,"column":72},"end":{"line":108,"column":3}},"line":101}},"branchMap":{"0":{"loc":{"start":{"line":51,"column":2},"end":{"line":59,"column":3}},"type":"default-arg","locations":[{"start":{"line":51,"column":18},"end":{"line":59,"column":3}}],"line":51},"1":{"loc":{"start":{"line":124,"column":9},"end":{"line":126,"column":9}},"type":"binary-expr","locations":[{"start":{"line":124,"column":9},"end":{"line":124,"column":32}},{"start":{"line":124,"column":36},"end":{"line":124,"column":58}},{"start":{"line":125,"column":10},"end":{"line":125,"column":57}}],"line":124},"2":{"loc":{"start":{"line":140,"column":9},"end":{"line":142,"column":9}},"type":"binary-expr","locations":[{"start":{"line":140,"column":9},"end":{"line":140,"column":29}},{"start":{"line":140,"column":33},"end":{"line":140,"column":52}},{"start":{"line":141,"column":10},"end":{"line":141,"column":54}}],"line":140}},"s":{"0":3,"1":3,"2":30,"3":30,"4":30,"5":2,"6":2,"7":2,"8":30,"9":30,"10":1,"11":30,"12":0,"13":0,"14":30,"15":3},"f":{"0":30,"1":2,"2":1,"3":0},"b":{"0":[30],"1":[30,11,2],"2":[30,11,5]},"_coverageSchema":"43e27e138ebf9cfc5966b082cf9a028302ed4184","hash":"8534906d6fbbd6174dadd5d3637e29d6f7e17888"}
,"C:\\Users\\david.cortes\\Downloads\\Proyecto ADN\\adn-ceiba-frontend\\src\\app\\shared\\components\\FormSolicitarProducto\\styles.ts": {"path":"C:\\Users\\david.cortes\\Downloads\\Proyecto ADN\\adn-ceiba-frontend\\src\\app\\shared\\components\\FormSolicitarProducto\\styles.ts","statementMap":{"0":{"start":{"line":3,"column":46},"end":{"line":15,"column":1}},"1":{"start":{"line":17,"column":24},"end":{"line":19,"column":1}},"2":{"start":{"line":21,"column":21},"end":{"line":28,"column":1}},"3":{"start":{"line":30,"column":20},"end":{"line":36,"column":1}},"4":{"start":{"line":38,"column":31},"end":{"line":46,"column":1}},"5":{"start":{"line":48,"column":25},"end":{"line":52,"column":1}}},"fnMap":{},"branchMap":{},"s":{"0":3,"1":3,"2":3,"3":3,"4":3,"5":3},"f":{},"b":{},"_coverageSchema":"43e27e138ebf9cfc5966b082cf9a028302ed4184","hash":"3cf815874e6ab144704029841f71c49ee703c7e7"}
,"C:\\Users\\david.cortes\\Downloads\\Proyecto ADN\\adn-ceiba-frontend\\src\\app\\shared\\components\\Input\\index.tsx": {"path":"C:\\Users\\david.cortes\\Downloads\\Proyecto ADN\\adn-ceiba-frontend\\src\\app\\shared\\components\\Input\\index.tsx","statementMap":{"0":{"start":{"line":3,"column":21},"end":{"line":13,"column":1}}},"fnMap":{},"branchMap":{},"s":{"0":3},"f":{},"b":{},"_coverageSchema":"43e27e138ebf9cfc5966b082cf9a028302ed4184","hash":"617a7e89a1263fbd72f2c8624c62c29831a41a96"}
,"C:\\Users\\david.cortes\\Downloads\\Proyecto ADN\\adn-ceiba-frontend\\src\\app\\shared\\components\\Layout\\index.tsx": {"path":"C:\\Users\\david.cortes\\Downloads\\Proyecto ADN\\adn-ceiba-frontend\\src\\app\\shared\\components\\Layout\\index.tsx","statementMap":{"0":{"start":{"line":11,"column":45},"end":{"line":28,"column":1}},"1":{"start":{"line":16,"column":2},"end":{"line":27,"column":4}},"2":{"start":{"line":30,"column":0},"end":{"line":35,"column":2}}},"fnMap":{"0":{"name":"(anonymous_0)","decl":{"start":{"line":11,"column":45},"end":{"line":11,"column":46}},"loc":{"start":{"line":15,"column":6},"end":{"line":28,"column":1}},"line":15}},"branchMap":{"0":{"loc":{"start":{"line":21,"column":10},"end":{"line":21,"column":59}},"type":"binary-expr","locations":[{"start":{"line":21,"column":10},"end":{"line":21,"column":15}},{"start":{"line":21,"column":19},"end":{"line":21,"column":59}}],"line":21},"1":{"loc":{"start":{"line":23,"column":9},"end":{"line":23,"column":73}},"type":"binary-expr","locations":[{"start":{"line":23,"column":9},"end":{"line":23,"column":20}},{"start":{"line":23,"column":24},"end":{"line":23,"column":73}}],"line":23}},"s":{"0":0,"1":0,"2":0},"f":{"0":0},"b":{"0":[0,0],"1":[0,0]},"hash":"aa9f1e03123c2d90bd3d66313cf3d66ef515e1d6"}
,"C:\\Users\\david.cortes\\Downloads\\Proyecto ADN\\adn-ceiba-frontend\\src\\app\\shared\\components\\Layout\\styles.ts": {"path":"C:\\Users\\david.cortes\\Downloads\\Proyecto ADN\\adn-ceiba-frontend\\src\\app\\shared\\components\\Layout\\styles.ts","statementMap":{"0":{"start":{"line":3,"column":28},"end":{"line":7,"column":1}}},"fnMap":{},"branchMap":{},"s":{"0":0},"f":{},"b":{},"hash":"1093ff71d0be7f24f59b6b752c455f0ae7c742bd"}
,"C:\\Users\\david.cortes\\Downloads\\Proyecto ADN\\adn-ceiba-frontend\\src\\app\\shared\\components\\LazyFallback\\index.tsx": {"path":"C:\\Users\\david.cortes\\Downloads\\Proyecto ADN\\adn-ceiba-frontend\\src\\app\\shared\\components\\LazyFallback\\index.tsx","statementMap":{"0":{"start":{"line":4,"column":28},"end":{"line":8,"column":1}},"1":{"start":{"line":5,"column":2},"end":{"line":7,"column":8}}},"fnMap":{"0":{"name":"(anonymous_0)","decl":{"start":{"line":4,"column":28},"end":{"line":4,"column":29}},"loc":{"start":{"line":5,"column":2},"end":{"line":7,"column":8}},"line":5}},"branchMap":{},"s":{"0":0,"1":0},"f":{"0":0},"b":{},"hash":"d32f5dbdff5dd2ab21716a98449aaaaf9bb38c85"}
,"C:\\Users\\david.cortes\\Downloads\\Proyecto ADN\\adn-ceiba-frontend\\src\\app\\shared\\components\\LazyFallback\\styles.ts": {"path":"C:\\Users\\david.cortes\\Downloads\\Proyecto ADN\\adn-ceiba-frontend\\src\\app\\shared\\components\\LazyFallback\\styles.ts","statementMap":{"0":{"start":{"line":3,"column":28},"end":{"line":6,"column":1}},"1":{"start":{"line":8,"column":19},"end":{"line":11,"column":1}}},"fnMap":{},"branchMap":{},"s":{"0":0,"1":0},"f":{},"b":{},"hash":"2be4c9e55403737ea5e9e768b88020b86f68d5ae"}
,"C:\\Users\\david.cortes\\Downloads\\Proyecto ADN\\adn-ceiba-frontend\\src\\app\\shared\\components\\Link\\index.tsx": {"path":"C:\\Users\\david.cortes\\Downloads\\Proyecto ADN\\adn-ceiba-frontend\\src\\app\\shared\\components\\Link\\index.tsx","statementMap":{"0":{"start":{"line":4,"column":20},"end":{"line":9,"column":1}}},"fnMap":{},"branchMap":{},"s":{"0":0},"f":{},"b":{},"hash":"875efcdaabeded36840b62125d3c58e9afadcf24"}
,"C:\\Users\\david.cortes\\Downloads\\Proyecto ADN\\adn-ceiba-frontend\\src\\app\\shared\\components\\NavigationHeader\\index.tsx": {"path":"C:\\Users\\david.cortes\\Downloads\\Proyecto ADN\\adn-ceiba-frontend\\src\\app\\shared\\components\\NavigationHeader\\index.tsx","statementMap":{"0":{"start":{"line":7,"column":42},"end":{"line":19,"column":1}},"1":{"start":{"line":8,"column":17},"end":{"line":12,"column":3}},"2":{"start":{"line":13,"column":2},"end":{"line":18,"column":4}}},"fnMap":{"0":{"name":"(anonymous_0)","decl":{"start":{"line":7,"column":42},"end":{"line":7,"column":43}},"loc":{"start":{"line":7,"column":48},"end":{"line":19,"column":1}},"line":7}},"branchMap":{},"s":{"0":0,"1":0,"2":0},"f":{"0":0},"b":{},"hash":"6caee5839a575ae1c18e375b83f442d1321f018d"}
,"C:\\Users\\david.cortes\\Downloads\\Proyecto ADN\\adn-ceiba-frontend\\src\\app\\shared\\components\\NavigationHeader\\styles.ts": {"path":"C:\\Users\\david.cortes\\Downloads\\Proyecto ADN\\adn-ceiba-frontend\\src\\app\\shared\\components\\NavigationHeader\\styles.ts","statementMap":{"0":{"start":{"line":3,"column":25},"end":{"line":20,"column":1}}},"fnMap":{},"branchMap":{},"s":{"0":0},"f":{},"b":{},"hash":"2f2ef2f493e3072b4fca65dfff01f3eea23416cb"}
,"C:\\Users\\david.cortes\\Downloads\\Proyecto ADN\\adn-ceiba-frontend\\src\\app\\shared\\components\\NavigationHeader\\NavBrand\\index.tsx": {"path":"C:\\Users\\david.cortes\\Downloads\\Proyecto ADN\\adn-ceiba-frontend\\src\\app\\shared\\components\\NavigationHeader\\NavBrand\\index.tsx","statementMap":{"0":{"start":{"line":11,"column":49},"end":{"line":21,"column":1}},"1":{"start":{"line":12,"column":2},"end":{"line":20,"column":13}},"2":{"start":{"line":23,"column":0},"end":{"line":26,"column":2}}},"fnMap":{"0":{"name":"(anonymous_0)","decl":{"start":{"line":11,"column":49},"end":{"line":11,"column":50}},"loc":{"start":{"line":12,"column":2},"end":{"line":20,"column":13}},"line":12}},"branchMap":{"0":{"loc":{"start":{"line":14,"column":7},"end":{"line":18,"column":7}},"type":"cond-expr","locations":[{"start":{"line":15,"column":8},"end":{"line":15,"column":51}},{"start":{"line":17,"column":8},"end":{"line":17,"column":35}}],"line":14}},"s":{"0":0,"1":0,"2":0},"f":{"0":0},"b":{"0":[0,0]},"hash":"476f7e455c6dca4372b10c5b5ff51cc6838aea65"}
,"C:\\Users\\david.cortes\\Downloads\\Proyecto ADN\\adn-ceiba-frontend\\src\\app\\shared\\components\\NavigationHeader\\NavBrand\\styles.ts": {"path":"C:\\Users\\david.cortes\\Downloads\\Proyecto ADN\\adn-ceiba-frontend\\src\\app\\shared\\components\\NavigationHeader\\NavBrand\\styles.ts","statementMap":{"0":{"start":{"line":4,"column":24},"end":{"line":6,"column":1}},"1":{"start":{"line":8,"column":23},"end":{"line":11,"column":1}},"2":{"start":{"line":13,"column":24},"end":{"line":16,"column":1}},"3":{"start":{"line":18,"column":25},"end":{"line":20,"column":1}}},"fnMap":{},"branchMap":{},"s":{"0":0,"1":0,"2":0,"3":0},"f":{},"b":{},"hash":"7d1fb60533a8d6b18ace8a3576d4a3fe4b9fd67e"}
,"C:\\Users\\david.cortes\\Downloads\\Proyecto ADN\\adn-ceiba-frontend\\src\\app\\shared\\components\\NavigationHeader\\NavItem\\index.tsx": {"path":"C:\\Users\\david.cortes\\Downloads\\Proyecto ADN\\adn-ceiba-frontend\\src\\app\\shared\\components\\NavigationHeader\\NavItem\\index.tsx","statementMap":{"0":{"start":{"line":11,"column":47},"end":{"line":17,"column":1}},"1":{"start":{"line":12,"column":2},"end":{"line":16,"column":15}},"2":{"start":{"line":19,"column":0},"end":{"line":22,"column":2}}},"fnMap":{"0":{"name":"(anonymous_0)","decl":{"start":{"line":11,"column":47},"end":{"line":11,"column":48}},"loc":{"start":{"line":12,"column":2},"end":{"line":16,"column":15}},"line":12}},"branchMap":{},"s":{"0":0,"1":0,"2":0},"f":{"0":0},"b":{},"hash":"21fbb872b11a21d40fff1843c0fa5722f00dfb30"}
,"C:\\Users\\david.cortes\\Downloads\\Proyecto ADN\\adn-ceiba-frontend\\src\\app\\shared\\components\\NavigationHeader\\NavItem\\styles.ts": {"path":"C:\\Users\\david.cortes\\Downloads\\Proyecto ADN\\adn-ceiba-frontend\\src\\app\\shared\\components\\NavigationHeader\\NavItem\\styles.ts","statementMap":{"0":{"start":{"line":3,"column":26},"end":{"line":6,"column":1}}},"fnMap":{},"branchMap":{},"s":{"0":0},"f":{},"b":{},"hash":"8af27e3f809d2b0eb2133c3f5acef8156d2737fd"}
,"C:\\Users\\david.cortes\\Downloads\\Proyecto ADN\\adn-ceiba-frontend\\src\\app\\shared\\components\\NavigationHeader\\NavList\\index.tsx": {"path":"C:\\Users\\david.cortes\\Downloads\\Proyecto ADN\\adn-ceiba-frontend\\src\\app\\shared\\components\\NavigationHeader\\NavList\\index.tsx","statementMap":{"0":{"start":{"line":10,"column":47},"end":{"line":20,"column":1}},"1":{"start":{"line":11,"column":2},"end":{"line":19,"column":4}},"2":{"start":{"line":14,"column":8},"end":{"line":16,"column":13}},"3":{"start":{"line":22,"column":0},"end":{"line":24,"column":2}}},"fnMap":{"0":{"name":"(anonymous_0)","decl":{"start":{"line":10,"column":47},"end":{"line":10,"column":48}},"loc":{"start":{"line":10,"column":62},"end":{"line":20,"column":1}},"line":10},"1":{"name":"(anonymous_1)","decl":{"start":{"line":13,"column":17},"end":{"line":13,"column":18}},"loc":{"start":{"line":14,"column":8},"end":{"line":16,"column":13}},"line":14}},"branchMap":{},"s":{"0":0,"1":0,"2":0,"3":0},"f":{"0":0,"1":0},"b":{},"hash":"666002803a1c2cc50f3c8b9f723d890393d13f30"}
,"C:\\Users\\david.cortes\\Downloads\\Proyecto ADN\\adn-ceiba-frontend\\src\\app\\shared\\components\\NavigationHeader\\NavList\\styles.ts": {"path":"C:\\Users\\david.cortes\\Downloads\\Proyecto ADN\\adn-ceiba-frontend\\src\\app\\shared\\components\\NavigationHeader\\NavList\\styles.ts","statementMap":{"0":{"start":{"line":3,"column":25},"end":{"line":5,"column":1}}},"fnMap":{},"branchMap":{},"s":{"0":0},"f":{},"b":{},"hash":"605c3323c70efb9414aa88a443cf5287628417bd"}
,"C:\\Users\\david.cortes\\Downloads\\Proyecto ADN\\adn-ceiba-frontend\\src\\app\\shared\\components\\Select\\index.tsx": {"path":"C:\\Users\\david.cortes\\Downloads\\Proyecto ADN\\adn-ceiba-frontend\\src\\app\\shared\\components\\Select\\index.tsx","statementMap":{"0":{"start":{"line":3,"column":22},"end":{"line":9,"column":1}}},"fnMap":{},"branchMap":{},"s":{"0":3},"f":{},"b":{},"_coverageSchema":"43e27e138ebf9cfc5966b082cf9a028302ed4184","hash":"17fe92f803952460923aad333f101d75c963f424"}
,"C:\\Users\\david.cortes\\Downloads\\Proyecto ADN\\adn-ceiba-frontend\\src\\app\\shared\\components\\SelectorCantidad\\index.tsx": {"path":"C:\\Users\\david.cortes\\Downloads\\Proyecto ADN\\adn-ceiba-frontend\\src\\app\\shared\\components\\SelectorCantidad\\index.tsx","statementMap":{"0":{"start":{"line":10,"column":65},"end":{"line":37,"column":1}},"1":{"start":{"line":14,"column":50},"end":{"line":14,"column":74}},"2":{"start":{"line":16,"column":2},"end":{"line":36,"column":4}},"3":{"start":{"line":19,"column":8},"end":{"line":22,"column":9}},"4":{"start":{"line":20,"column":10},"end":{"line":20,"column":52}},"5":{"start":{"line":21,"column":10},"end":{"line":21,"column":44}},"6":{"start":{"line":30,"column":8},"end":{"line":30,"column":50}},"7":{"start":{"line":31,"column":8},"end":{"line":31,"column":42}},"8":{"start":{"line":39,"column":0},"end":{"line":42,"column":2}}},"fnMap":{"0":{"name":"(anonymous_0)","decl":{"start":{"line":10,"column":65},"end":{"line":10,"column":66}},"loc":{"start":{"line":13,"column":6},"end":{"line":37,"column":1}},"line":13},"1":{"name":"(anonymous_1)","decl":{"start":{"line":18,"column":25},"end":{"line":18,"column":26}},"loc":{"start":{"line":18,"column":31},"end":{"line":23,"column":7}},"line":18},"2":{"name":"(anonymous_2)","decl":{"start":{"line":29,"column":25},"end":{"line":29,"column":26}},"loc":{"start":{"line":29,"column":31},"end":{"line":32,"column":7}},"line":29}},"branchMap":{"0":{"loc":{"start":{"line":19,"column":8},"end":{"line":22,"column":9}},"type":"if","locations":[{"start":{"line":19,"column":8},"end":{"line":22,"column":9}},{"start":{"line":19,"column":8},"end":{"line":22,"column":9}}],"line":19}},"s":{"0":4,"1":41,"2":41,"3":6,"4":1,"5":1,"6":6,"7":6,"8":4},"f":{"0":41,"1":6,"2":6},"b":{"0":[1,5]},"_coverageSchema":"43e27e138ebf9cfc5966b082cf9a028302ed4184","hash":"be34b9b38344194009ba0c60725a3524e6cc8d63"}
,"C:\\Users\\david.cortes\\Downloads\\Proyecto ADN\\adn-ceiba-frontend\\src\\app\\shared\\components\\SelectorCantidad\\styles.ts": {"path":"C:\\Users\\david.cortes\\Downloads\\Proyecto ADN\\adn-ceiba-frontend\\src\\app\\shared\\components\\SelectorCantidad\\styles.ts","statementMap":{"0":{"start":{"line":3,"column":41},"end":{"line":6,"column":1}},"1":{"start":{"line":8,"column":24},"end":{"line":19,"column":1}},"2":{"start":{"line":21,"column":24},"end":{"line":27,"column":1}}},"fnMap":{},"branchMap":{},"s":{"0":4,"1":4,"2":4},"f":{},"b":{},"_coverageSchema":"43e27e138ebf9cfc5966b082cf9a028302ed4184","hash":"c9afa3bca121f204fd2deb44969b9f0199217a39"}
,"C:\\Users\\david.cortes\\Downloads\\Proyecto ADN\\adn-ceiba-frontend\\src\\app\\shared\\hooks\\useInputValue.ts": {"path":"C:\\Users\\david.cortes\\Downloads\\Proyecto ADN\\adn-ceiba-frontend\\src\\app\\shared\\hooks\\useInputValue.ts","statementMap":{"0":{"start":{"line":3,"column":29},"end":{"line":8,"column":1}},"1":{"start":{"line":4,"column":28},"end":{"line":4,"column":50}},"2":{"start":{"line":5,"column":19},"end":{"line":6,"column":28}},"3":{"start":{"line":6,"column":4},"end":{"line":6,"column":28}},"4":{"start":{"line":7,"column":2},"end":{"line":7,"column":29}}},"fnMap":{"0":{"name":"(anonymous_0)","decl":{"start":{"line":3,"column":29},"end":{"line":3,"column":30}},"loc":{"start":{"line":3,"column":55},"end":{"line":8,"column":1}},"line":3},"1":{"name":"(anonymous_1)","decl":{"start":{"line":5,"column":19},"end":{"line":5,"column":20}},"loc":{"start":{"line":6,"column":4},"end":{"line":6,"column":28}},"line":6}},"branchMap":{},"s":{"0":0,"1":0,"2":0,"3":0,"4":0},"f":{"0":0,"1":0},"b":{},"hash":"3c19cabc34420f8cc9d679dfe038bf9048b4306a"}
,"C:\\Users\\david.cortes\\Downloads\\Proyecto ADN\\adn-ceiba-frontend\\src\\app\\shared\\utils\\test.ts": {"path":"C:\\Users\\david.cortes\\Downloads\\Proyecto ADN\\adn-ceiba-frontend\\src\\app\\shared\\utils\\test.ts","statementMap":{"0":{"start":{"line":1,"column":28},"end":{"line":7,"column":2}},"1":{"start":{"line":1,"column":67},"end":{"line":7,"column":1}}},"fnMap":{"0":{"name":"(anonymous_0)","decl":{"start":{"line":1,"column":28},"end":{"line":1,"column":29}},"loc":{"start":{"line":1,"column":67},"end":{"line":7,"column":1}},"line":1},"1":{"name":"(anonymous_1)","decl":{"start":{"line":2,"column":11},"end":{"line":2,"column":12}},"loc":{"start":{"line":2,"column":17},"end":{"line":2,"column":19}},"line":2}},"branchMap":{},"s":{"0":2,"1":3},"f":{"0":3,"1":0},"b":{},"_coverageSchema":"43e27e138ebf9cfc5966b082cf9a028302ed4184","hash":"d2718b457e131b0fc86b40d535ed562af6220554"}
}
