TN:
SF:C:\Users\david.cortes\Downloads\Proyecto ADN\adn-ceiba-frontend\src\index.tsx
FNF:0
FNH:0
DA:7,0
DA:17,0
LF:2
LH:0
BRF:0
BRH:0
end_of_record
TN:
SF:C:\Users\david.cortes\Downloads\Proyecto ADN\adn-ceiba-frontend\src\react-app-env.d.ts
FNF:0
FNH:0
LF:0
LH:0
BRF:0
BRH:0
end_of_record
TN:
SF:C:\Users\david.cortes\Downloads\Proyecto ADN\adn-ceiba-frontend\src\app\App.tsx
FN:7,App
FNF:1
FNH:0
FNDA:0,App
DA:8,0
LF:1
LH:0
BRF:0
BRH:0
end_of_record
TN:
SF:C:\Users\david.cortes\Downloads\Proyecto ADN\adn-ceiba-frontend\src\app\AppRouter.tsx
FN:8,(anonymous_0)
FNF:1
FNH:0
FNDA:0,(anonymous_0)
DA:8,0
DA:9,0
LF:2
LH:0
BRF:0
BRH:0
end_of_record
TN:
SF:C:\Users\david.cortes\Downloads\Proyecto ADN\adn-ceiba-frontend\src\app\Main.tsx
FN:4,(anonymous_0)
FNF:1
FNH:0
FNDA:0,(anonymous_0)
DA:4,0
DA:5,0
LF:2
LH:0
BRF:0
BRH:0
end_of_record
TN:
SF:C:\Users\david.cortes\Downloads\Proyecto ADN\adn-ceiba-frontend\src\app\core\api\pedido.repositorio.ts
FN:5,(anonymous_0)
FN:9,(anonymous_1)
FN:22,(anonymous_2)
FNF:3
FNH:0
FNDA:0,(anonymous_0)
FNDA:0,(anonymous_1)
FNDA:0,(anonymous_2)
DA:4,1
DA:6,0
DA:7,0
DA:11,0
DA:18,0
DA:19,0
DA:20,0
DA:24,0
DA:29,0
DA:30,0
LF:10
LH:1
BRF:0
BRH:0
end_of_record
TN:
SF:C:\Users\david.cortes\Downloads\Proyecto ADN\adn-ceiba-frontend\src\app\core\api\productos.repositorio.ts
FN:4,(anonymous_0)
FNF:1
FNH:0
FNDA:0,(anonymous_0)
DA:3,1
DA:4,0
LF:2
LH:1
BRF:0
BRH:0
end_of_record
TN:
SF:C:\Users\david.cortes\Downloads\Proyecto ADN\adn-ceiba-frontend\src\app\core\api\productosSolicitados.repositorio.ts
FN:5,(anonymous_0)
FN:6,(anonymous_1)
FN:9,(anonymous_2)
FNF:3
FNH:0
FNDA:0,(anonymous_0)
FNDA:0,(anonymous_1)
FNDA:0,(anonymous_2)
DA:4,1
DA:5,0
DA:7,0
DA:10,0
DA:17,0
DA:18,0
DA:19,0
DA:24,0
DA:25,0
LF:9
LH:1
BRDA:17,0,0,0
BRDA:17,0,1,0
BRF:2
BRH:0
end_of_record
TN:
SF:C:\Users\david.cortes\Downloads\Proyecto ADN\adn-ceiba-frontend\src\app\core\config\AxiosConfig.ts
FNF:0
FNH:0
DA:3,3
LF:1
LH:1
BRF:0
BRH:0
end_of_record
TN:
SF:C:\Users\david.cortes\Downloads\Proyecto ADN\adn-ceiba-frontend\src\app\core\errors\GlobalErrorBoundary\index.tsx
FN:5,(anonymous_0)
FN:10,(anonymous_1)
FN:14,(anonymous_2)
FN:18,(anonymous_3)
FNF:4
FNH:0
FNDA:0,(anonymous_0)
FNDA:0,(anonymous_1)
FNDA:0,(anonymous_2)
FNDA:0,(anonymous_3)
DA:6,0
DA:7,0
DA:11,0
DA:19,0
DA:21,0
DA:24,0
LF:6
LH:0
BRDA:19,0,0,0
BRDA:19,0,1,0
BRF:2
BRH:0
end_of_record
TN:
SF:C:\Users\david.cortes\Downloads\Proyecto ADN\adn-ceiba-frontend\src\app\core\redux\store.ts
FNF:0
FNH:0
DA:7,0
DA:10,0
LF:2
LH:0
BRDA:7,0,0,0
BRDA:7,0,1,0
BRF:2
BRH:0
end_of_record
TN:
SF:C:\Users\david.cortes\Downloads\Proyecto ADN\adn-ceiba-frontend\src\app\core\redux\acciones\pedido\PedidoAcciones.ts
FN:11,listarPedido
FN:22,crearPedido
FN:31,finalizarPedido
FN:40,eliminarPedido
FN:49,crearPedidoAsync
FN:50,(anonymous_5)
FN:51,(anonymous_6)
FN:59,finalizarPedidoAsync
FN:60,(anonymous_8)
FN:61,(anonymous_9)
FN:69,listarPedidoAsync
FN:70,(anonymous_11)
FN:71,(anonymous_12)
FNF:13
FNH:4
FNDA:1,listarPedido
FNDA:1,crearPedido
FNDA:1,finalizarPedido
FNDA:1,eliminarPedido
FNDA:0,crearPedidoAsync
FNDA:0,(anonymous_5)
FNDA:0,(anonymous_6)
FNDA:0,finalizarPedidoAsync
FNDA:0,(anonymous_8)
FNDA:0,(anonymous_9)
FNDA:0,listarPedidoAsync
FNDA:0,(anonymous_11)
FNDA:0,(anonymous_12)
DA:15,1
DA:25,1
DA:34,1
DA:43,1
DA:50,0
DA:51,0
DA:52,0
DA:60,0
DA:61,0
DA:62,0
DA:70,0
DA:71,0
DA:72,0
LF:13
LH:4
BRF:0
BRH:0
end_of_record
TN:
SF:C:\Users\david.cortes\Downloads\Proyecto ADN\adn-ceiba-frontend\src\app\core\redux\acciones\pedido\PedidoTiposAcciones.ts
FNF:0
FNH:0
DA:3,1
DA:4,1
DA:5,1
DA:6,1
LF:4
LH:4
BRF:0
BRH:0
end_of_record
TN:
SF:C:\Users\david.cortes\Downloads\Proyecto ADN\adn-ceiba-frontend\src\app\core\redux\acciones\productos\ProductosAcciones.ts
FN:10,listarProductos
FN:21,agregarNuevoProducto
FN:30,eliminarProducto
FN:37,listarProductosAsync
FN:38,(anonymous_4)
FN:41,(anonymous_5)
FNF:6
FNH:3
FNDA:1,listarProductos
FNDA:1,agregarNuevoProducto
FNDA:1,eliminarProducto
FNDA:0,listarProductosAsync
FNDA:0,(anonymous_4)
FNDA:0,(anonymous_5)
DA:14,1
DA:24,1
DA:31,1
DA:38,0
DA:39,0
DA:42,0
LF:6
LH:3
BRF:0
BRH:0
end_of_record
TN:
SF:C:\Users\david.cortes\Downloads\Proyecto ADN\adn-ceiba-frontend\src\app\core\redux\acciones\productos\ProductosTiposAcciones.ts
FNF:0
FNH:0
DA:3,1
DA:4,1
DA:5,1
LF:3
LH:3
BRF:0
BRH:0
end_of_record
TN:
SF:C:\Users\david.cortes\Downloads\Proyecto ADN\adn-ceiba-frontend\src\app\core\redux\acciones\productosSolicitados\ProductosSolicitadosAcciones.ts
FN:10,listarProductosSolicitados
FN:21,agregarProductoSolicitado
FN:30,eliminarProductoSolicitado
FN:37,agregarProductoSolicitadoAsync
FN:38,(anonymous_4)
FN:42,(anonymous_5)
FN:50,eliminarProductoSolicitadoAsync
FN:51,(anonymous_7)
FN:54,(anonymous_8)
FN:62,listarProductosSolicitadosAsync
FN:63,(anonymous_10)
FN:66,(anonymous_11)
FNF:12
FNH:3
FNDA:1,listarProductosSolicitados
FNDA:1,agregarProductoSolicitado
FNDA:1,eliminarProductoSolicitado
FNDA:0,agregarProductoSolicitadoAsync
FNDA:0,(anonymous_4)
FNDA:0,(anonymous_5)
FNDA:0,eliminarProductoSolicitadoAsync
FNDA:0,(anonymous_7)
FNDA:0,(anonymous_8)
FNDA:0,listarProductosSolicitadosAsync
FNDA:0,(anonymous_10)
FNDA:0,(anonymous_11)
DA:14,1
DA:24,1
DA:31,1
DA:38,0
DA:39,0
DA:43,0
DA:51,0
DA:52,0
DA:55,0
DA:63,0
DA:64,0
DA:67,0
LF:12
LH:3
BRF:0
BRH:0
end_of_record
TN:
SF:C:\Users\david.cortes\Downloads\Proyecto ADN\adn-ceiba-frontend\src\app\core\redux\acciones\productosSolicitados\ProductosSolicitadosTiposAcciones.ts
FNF:0
FNH:0
DA:3,1
DA:4,1
DA:5,1
LF:3
LH:3
BRF:0
BRH:0
end_of_record
TN:
SF:C:\Users\david.cortes\Downloads\Proyecto ADN\adn-ceiba-frontend\src\app\core\redux\modelo\EstadoGeneral.ts
FNF:0
FNH:0
LF:0
LH:0
BRF:0
BRH:0
end_of_record
TN:
SF:C:\Users\david.cortes\Downloads\Proyecto ADN\adn-ceiba-frontend\src\app\core\redux\modelo\EstadoPedido.ts
FNF:0
FNH:0
LF:0
LH:0
BRF:0
BRH:0
end_of_record
TN:
SF:C:\Users\david.cortes\Downloads\Proyecto ADN\adn-ceiba-frontend\src\app\core\redux\modelo\EstadoProducto.ts
FNF:0
FNH:0
LF:0
LH:0
BRF:0
BRH:0
end_of_record
TN:
SF:C:\Users\david.cortes\Downloads\Proyecto ADN\adn-ceiba-frontend\src\app\core\redux\modelo\EstadoProductoSolicitado.ts
FNF:0
FNH:0
LF:0
LH:0
BRF:0
BRH:0
end_of_record
TN:
SF:C:\Users\david.cortes\Downloads\Proyecto ADN\adn-ceiba-frontend\src\app\core\redux\reductores\index.ts
FNF:0
FNH:0
LF:0
LH:0
BRF:0
BRH:0
end_of_record
TN:
SF:C:\Users\david.cortes\Downloads\Proyecto ADN\adn-ceiba-frontend\src\app\core\redux\reductores\pedido\pedidoReductor.ts
FN:26,(anonymous_0)
FNF:1
FNH:1
FNDA:4,(anonymous_0)
DA:10,1
DA:30,4
DA:32,1
DA:33,1
DA:41,1
DA:42,1
DA:49,1
DA:50,1
DA:57,1
DA:58,1
DA:65,0
LF:11
LH:10
BRDA:11,0,0,0
BRDA:11,0,1,1
BRDA:27,1,0,0
BRDA:30,2,0,1
BRDA:30,2,1,1
BRDA:30,2,2,1
BRDA:30,2,3,1
BRDA:30,2,4,0
BRDA:60,3,0,1
BRDA:60,3,1,0
BRF:10
BRH:6
end_of_record
TN:
SF:C:\Users\david.cortes\Downloads\Proyecto ADN\adn-ceiba-frontend\src\app\core\redux\reductores\productos\productosReductor.ts
FN:15,(anonymous_0)
FN:41,(anonymous_1)
FNF:2
FNH:2
FNDA:3,(anonymous_0)
FNDA:2,(anonymous_1)
DA:10,1
DA:19,3
DA:21,1
DA:22,1
DA:29,1
DA:30,1
DA:37,1
DA:38,1
DA:41,2
DA:47,0
LF:10
LH:9
BRDA:16,0,0,0
BRDA:19,1,0,1
BRDA:19,1,1,1
BRDA:19,1,2,1
BRDA:19,1,3,0
BRF:5
BRH:3
end_of_record
TN:
SF:C:\Users\david.cortes\Downloads\Proyecto ADN\adn-ceiba-frontend\src\app\core\redux\reductores\productosSolicitados\productosSolicitadosReductor.ts
FN:15,(anonymous_0)
FN:41,(anonymous_1)
FNF:2
FNH:2
FNDA:3,(anonymous_0)
FNDA:1,(anonymous_1)
DA:10,1
DA:19,3
DA:21,1
DA:22,1
DA:29,1
DA:30,1
DA:37,1
DA:38,1
DA:41,1
DA:47,0
LF:10
LH:9
BRDA:16,0,0,0
BRDA:19,1,0,1
BRDA:19,1,1,1
BRDA:19,1,2,1
BRDA:19,1,3,0
BRF:5
BRH:3
end_of_record
TN:
SF:C:\Users\david.cortes\Downloads\Proyecto ADN\adn-ceiba-frontend\src\app\feature\Home\HomeRouter.tsx
FN:5,(anonymous_0)
FN:7,(anonymous_1)
FNF:2
FNH:0
FNDA:0,(anonymous_0)
FNDA:0,(anonymous_1)
DA:5,0
DA:7,0
DA:8,0
LF:3
LH:0
BRF:0
BRH:0
end_of_record
TN:
SF:C:\Users\david.cortes\Downloads\Proyecto ADN\adn-ceiba-frontend\src\app\feature\Home\components\HolaMundo\index.tsx
FN:8,(anonymous_0)
FNF:1
FNH:1
FNDA:1,(anonymous_0)
DA:8,1
DA:10,1
LF:2
LH:2
BRF:0
BRH:0
end_of_record
TN:
SF:C:\Users\david.cortes\Downloads\Proyecto ADN\adn-ceiba-frontend\src\app\feature\Home\pages\Main.tsx
FN:6,(anonymous_0)
FNF:1
FNH:0
FNDA:0,(anonymous_0)
DA:6,0
DA:7,0
DA:12,0
LF:3
LH:0
BRF:0
BRH:0
end_of_record
TN:
SF:C:\Users\david.cortes\Downloads\Proyecto ADN\adn-ceiba-frontend\src\app\feature\Pedido\PedidoRouter.tsx
FN:5,(anonymous_0)
FN:7,(anonymous_1)
FNF:2
FNH:0
FNDA:0,(anonymous_0)
FNDA:0,(anonymous_1)
DA:5,0
DA:7,0
DA:8,0
LF:3
LH:0
BRF:0
BRH:0
end_of_record
TN:
SF:C:\Users\david.cortes\Downloads\Proyecto ADN\adn-ceiba-frontend\src\app\feature\Pedido\components\BtnFinalizarPedido\index.tsx
FN:11,(anonymous_0)
FN:15,(anonymous_1)
FNF:2
FNH:2
FNDA:22,(anonymous_0)
FNDA:3,(anonymous_1)
DA:11,3
DA:15,22
DA:16,22
DA:25,3
LF:4
LH:4
BRF:0
BRH:0
end_of_record
TN:
SF:C:\Users\david.cortes\Downloads\Proyecto ADN\adn-ceiba-frontend\src\app\feature\Pedido\components\BtnSolicitarPedido\index.tsx
FN:11,(anonymous_0)
FN:15,(anonymous_1)
FNF:2
FNH:2
FNDA:10,(anonymous_0)
FNDA:2,(anonymous_1)
DA:11,4
DA:15,10
DA:16,10
DA:25,4
LF:4
LH:4
BRF:0
BRH:0
end_of_record
TN:
SF:C:\Users\david.cortes\Downloads\Proyecto ADN\adn-ceiba-frontend\src\app\feature\Pedido\components\CaracteristicasPedido\index.tsx
FN:13,(anonymous_0)
FN:25,(anonymous_1)
FN:32,(anonymous_2)
FN:35,(anonymous_3)
FNF:4
FNH:3
FNDA:8,(anonymous_0)
FNDA:2,(anonymous_1)
FNDA:0,(anonymous_2)
FNDA:1,(anonymous_3)
DA:13,2
DA:18,8
DA:19,8
DA:26,2
DA:33,0
DA:36,1
DA:45,2
LF:7
LH:6
BRDA:28,0,0,8
BRDA:28,0,1,2
BRF:2
BRH:2
end_of_record
TN:
SF:C:\Users\david.cortes\Downloads\Proyecto ADN\adn-ceiba-frontend\src\app\feature\Pedido\components\CaracteristicasPedido\styles.ts
FNF:0
FNH:0
DA:3,2
DA:19,2
LF:2
LH:2
BRF:0
BRH:0
end_of_record
TN:
SF:C:\Users\david.cortes\Downloads\Proyecto ADN\adn-ceiba-frontend\src\app\feature\Pedido\components\FormSolicitarPedido\index.tsx
FN:33,(anonymous_0)
FN:42,(anonymous_1)
FN:66,(anonymous_2)
FN:93,(anonymous_3)
FNF:4
FNH:4
FNDA:22,(anonymous_0)
FNDA:1,(anonymous_1)
FNDA:1,(anonymous_2)
FNDA:3,(anonymous_3)
DA:28,3
DA:33,3
DA:42,22
DA:46,1
DA:56,1
DA:57,1
DA:60,22
DA:66,22
DA:67,1
DA:70,22
DA:99,3
LF:11
LH:11
BRDA:37,0,0,22
BRDA:81,1,0,22
BRDA:81,1,1,9
BRDA:81,1,2,2
BRDA:90,2,0,22
BRDA:90,2,1,9
BRDA:90,2,2,5
BRF:7
BRH:7
end_of_record
TN:
SF:C:\Users\david.cortes\Downloads\Proyecto ADN\adn-ceiba-frontend\src\app\feature\Pedido\components\FormSolicitarPedido\styles.ts
FNF:0
FNH:0
DA:3,3
DA:17,3
DA:21,3
DA:30,3
DA:39,3
LF:5
LH:5
BRF:0
BRH:0
end_of_record
TN:
SF:C:\Users\david.cortes\Downloads\Proyecto ADN\adn-ceiba-frontend\src\app\feature\Pedido\components\ListarPedido\index.tsx
FN:12,(anonymous_0)
FN:18,(anonymous_1)
FN:23,(anonymous_2)
FN:26,(anonymous_3)
FNF:4
FNH:2
FNDA:2,(anonymous_0)
FNDA:1,(anonymous_1)
FNDA:0,(anonymous_2)
FNDA:0,(anonymous_3)
DA:12,2
DA:16,2
DA:19,1
DA:27,0
DA:36,2
LF:5
LH:4
BRDA:18,0,0,2
BRDA:18,0,1,2
BRF:2
BRH:2
end_of_record
TN:
SF:C:\Users\david.cortes\Downloads\Proyecto ADN\adn-ceiba-frontend\src\app\feature\Pedido\components\ListarPedido\styles.ts
FNF:0
FNH:0
DA:3,2
DA:13,2
LF:2
LH:2
BRF:0
BRH:0
end_of_record
TN:
SF:C:\Users\david.cortes\Downloads\Proyecto ADN\adn-ceiba-frontend\src\app\feature\Pedido\components\TarjetaProductoSolicitado\index.tsx
FN:22,(anonymous_0)
FN:27,(anonymous_1)
FNF:2
FNH:1
FNDA:2,(anonymous_0)
FNDA:0,(anonymous_1)
DA:22,3
DA:27,2
DA:28,0
DA:29,0
DA:32,2
DA:62,3
LF:6
LH:4
BRF:0
BRH:0
end_of_record
TN:
SF:C:\Users\david.cortes\Downloads\Proyecto ADN\adn-ceiba-frontend\src\app\feature\Pedido\components\TarjetaProductoSolicitado\styles.ts
FNF:0
FNH:0
DA:3,3
DA:16,3
DA:22,3
DA:29,3
DA:35,3
DA:41,3
DA:48,3
DA:57,3
LF:8
LH:8
BRF:0
BRH:0
end_of_record
TN:
SF:C:\Users\david.cortes\Downloads\Proyecto ADN\adn-ceiba-frontend\src\app\feature\Pedido\containers\GestionPedido\index.tsx
FN:17,(anonymous_0)
FN:23,(anonymous_1)
FN:34,(anonymous_2)
FNF:3
FNH:2
FNDA:1,(anonymous_0)
FNDA:1,(anonymous_1)
FNDA:0,(anonymous_2)
DA:17,1
DA:23,1
DA:24,1
DA:27,1
DA:34,0
DA:46,1
LF:6
LH:5
BRDA:29,0,0,1
BRDA:29,0,1,1
BRDA:29,0,2,0
BRDA:30,1,0,1
BRDA:30,1,1,1
BRDA:30,1,2,1
BRDA:37,2,0,1
BRDA:37,2,1,1
BRDA:37,2,2,1
BRF:9
BRH:8
end_of_record
TN:
SF:C:\Users\david.cortes\Downloads\Proyecto ADN\adn-ceiba-frontend\src\app\feature\Pedido\containers\GestionPedido\styles.ts
FNF:0
FNH:0
DA:3,1
DA:12,1
LF:2
LH:2
BRF:0
BRH:0
end_of_record
TN:
SF:C:\Users\david.cortes\Downloads\Proyecto ADN\adn-ceiba-frontend\src\app\feature\Pedido\hoc\ProveedorGestionPedido.tsx
FN:7,(anonymous_0)
FNF:1
FNH:0
FNDA:0,(anonymous_0)
DA:7,0
DA:8,0
DA:11,0
LF:3
LH:0
BRF:0
BRH:0
end_of_record
TN:
SF:C:\Users\david.cortes\Downloads\Proyecto ADN\adn-ceiba-frontend\src\app\feature\Pedido\models\Pedido.ts
FNF:0
FNH:0
LF:0
LH:0
BRF:0
BRH:0
end_of_record
TN:
SF:C:\Users\david.cortes\Downloads\Proyecto ADN\adn-ceiba-frontend\src\app\feature\Pedido\pages\Main.tsx
FN:6,(anonymous_0)
FNF:1
FNH:0
FNDA:0,(anonymous_0)
DA:6,0
DA:7,0
DA:14,0
LF:3
LH:0
BRF:0
BRH:0
end_of_record
TN:
SF:C:\Users\david.cortes\Downloads\Proyecto ADN\adn-ceiba-frontend\src\app\feature\Producto\ProductoRouter.tsx
FN:5,(anonymous_0)
FN:7,(anonymous_1)
FNF:2
FNH:0
FNDA:0,(anonymous_0)
FNDA:0,(anonymous_1)
DA:5,0
DA:7,0
DA:8,0
LF:3
LH:0
BRF:0
BRH:0
end_of_record
TN:
SF:C:\Users\david.cortes\Downloads\Proyecto ADN\adn-ceiba-frontend\src\app\feature\Producto\components\BtnPersonalizarProducto\index.tsx
FN:11,(anonymous_0)
FN:15,(anonymous_1)
FNF:2
FNH:2
FNDA:24,(anonymous_0)
FNDA:3,(anonymous_1)
DA:11,4
DA:15,24
DA:16,24
DA:25,4
LF:4
LH:4
BRF:0
BRH:0
end_of_record
TN:
SF:C:\Users\david.cortes\Downloads\Proyecto ADN\adn-ceiba-frontend\src\app\feature\Producto\components\BtnSolicitarProducto\index.tsx
FN:11,(anonymous_0)
FN:15,(anonymous_1)
FNF:2
FNH:1
FNDA:1,(anonymous_0)
FNDA:0,(anonymous_1)
DA:11,1
DA:15,1
DA:16,1
DA:25,1
LF:4
LH:4
BRF:0
BRH:0
end_of_record
TN:
SF:C:\Users\david.cortes\Downloads\Proyecto ADN\adn-ceiba-frontend\src\app\feature\Producto\components\ListarProductos\index.tsx
FN:14,(anonymous_0)
FN:29,(anonymous_1)
FN:34,(anonymous_2)
FN:43,(anonymous_3)
FN:46,(anonymous_4)
FNF:5
FNH:5
FNDA:11,(anonymous_0)
FNDA:22,(anonymous_1)
FNDA:3,(anonymous_2)
FNDA:1,(anonymous_3)
FNDA:2,(anonymous_4)
DA:14,2
DA:18,11
DA:25,11
DA:26,11
DA:27,11
DA:30,22
DA:35,3
DA:36,3
DA:44,1
DA:47,2
DA:48,2
DA:57,2
LF:12
LH:12
BRDA:29,0,0,11
BRDA:29,0,1,11
BRDA:39,1,0,11
BRDA:39,1,1,3
BRF:4
BRH:4
end_of_record
TN:
SF:C:\Users\david.cortes\Downloads\Proyecto ADN\adn-ceiba-frontend\src\app\feature\Producto\components\ListarProductos\styles.ts
FNF:0
FNH:0
DA:3,2
DA:10,2
LF:2
LH:2
BRF:0
BRH:0
end_of_record
TN:
SF:C:\Users\david.cortes\Downloads\Proyecto ADN\adn-ceiba-frontend\src\app\feature\Producto\components\PaginadorProductos\index.tsx
FN:11,(anonymous_0)
FN:27,(anonymous_1)
FN:30,(anonymous_2)
FNF:3
FNH:2
FNDA:4,(anonymous_0)
FNDA:4,(anonymous_1)
FNDA:0,(anonymous_2)
DA:9,2
DA:11,2
DA:15,4
DA:16,2
DA:19,2
DA:25,2
DA:28,4
DA:30,0
DA:41,2
LF:9
LH:8
BRDA:15,0,0,2
BRDA:15,0,1,2
BRF:2
BRH:2
end_of_record
TN:
SF:C:\Users\david.cortes\Downloads\Proyecto ADN\adn-ceiba-frontend\src\app\feature\Producto\components\TarjetaProducto\index.tsx
FN:19,(anonymous_0)
FNF:1
FNH:1
FNDA:23,(anonymous_0)
DA:19,3
DA:23,23
DA:34,3
LF:3
LH:3
BRF:0
BRH:0
end_of_record
TN:
SF:C:\Users\david.cortes\Downloads\Proyecto ADN\adn-ceiba-frontend\src\app\feature\Producto\components\TarjetaProducto\styles.ts
FNF:0
FNH:0
DA:3,3
DA:16,3
DA:23,3
DA:29,3
DA:35,3
LF:5
LH:5
BRF:0
BRH:0
end_of_record
TN:
SF:C:\Users\david.cortes\Downloads\Proyecto ADN\adn-ceiba-frontend\src\app\feature\Producto\containers\GestionProductos\index.tsx
FN:21,(anonymous_0)
FN:29,(anonymous_1)
FN:50,(anonymous_2)
FNF:3
FNH:2
FNDA:1,(anonymous_0)
FNDA:1,(anonymous_1)
FNDA:0,(anonymous_2)
DA:21,1
DA:29,1
DA:30,1
DA:31,1
DA:32,0
DA:45,1
DA:51,0
DA:52,0
DA:53,0
DA:65,1
LF:10
LH:6
BRDA:31,0,0,0
BRDA:31,0,1,1
BRDA:31,1,0,1
BRDA:31,1,1,1
BRDA:51,2,0,0
BRDA:51,2,1,0
BRF:6
BRH:3
end_of_record
TN:
SF:C:\Users\david.cortes\Downloads\Proyecto ADN\adn-ceiba-frontend\src\app\feature\Producto\containers\GestionProductos\styles.ts
FNF:0
FNH:0
DA:3,1
DA:9,1
LF:2
LH:2
BRF:0
BRH:0
end_of_record
TN:
SF:C:\Users\david.cortes\Downloads\Proyecto ADN\adn-ceiba-frontend\src\app\feature\Producto\hoc\ProveedorGestionProductos.tsx
FN:8,(anonymous_0)
FNF:1
FNH:0
FNDA:0,(anonymous_0)
DA:8,0
DA:9,0
DA:16,0
LF:3
LH:0
BRF:0
BRH:0
end_of_record
TN:
SF:C:\Users\david.cortes\Downloads\Proyecto ADN\adn-ceiba-frontend\src\app\feature\Producto\models\Producto.ts
FNF:0
FNH:0
LF:0
LH:0
BRF:0
BRH:0
end_of_record
TN:
SF:C:\Users\david.cortes\Downloads\Proyecto ADN\adn-ceiba-frontend\src\app\feature\Producto\models\ProductoSolicitado.ts
FNF:0
FNH:0
LF:0
LH:0
BRF:0
BRH:0
end_of_record
TN:
SF:C:\Users\david.cortes\Downloads\Proyecto ADN\adn-ceiba-frontend\src\app\feature\Producto\pages\Main.tsx
FN:6,(anonymous_0)
FNF:1
FNH:0
FNDA:0,(anonymous_0)
DA:6,0
DA:7,0
DA:14,0
LF:3
LH:0
BRF:0
BRH:0
end_of_record
TN:
SF:C:\Users\david.cortes\Downloads\Proyecto ADN\adn-ceiba-frontend\src\app\shared\components\Button\index.tsx
FNF:0
FNH:0
DA:3,11
LF:1
LH:1
BRF:0
BRH:0
end_of_record
TN:
SF:C:\Users\david.cortes\Downloads\Proyecto ADN\adn-ceiba-frontend\src\app\shared\components\FormSolicitarProducto\index.tsx
FN:41,(anonymous_0)
FN:64,(anonymous_1)
FN:91,(anonymous_2)
FN:93,(anonymous_3)
FNF:4
FNH:3
FNDA:30,(anonymous_0)
FNDA:2,(anonymous_1)
FNDA:1,(anonymous_2)
FNDA:0,(anonymous_3)
DA:31,3
DA:41,3
DA:55,30
DA:62,30
DA:64,30
DA:68,2
DA:81,2
DA:82,2
DA:85,30
DA:91,30
DA:93,30
DA:94,0
DA:96,0
DA:102,30
DA:144,3
LF:15
LH:13
BRDA:45,0,0,30
BRDA:112,1,0,30
BRDA:112,1,1,11
BRDA:112,1,2,2
BRDA:121,2,0,30
BRDA:121,2,1,11
BRDA:121,2,2,5
BRF:7
BRH:7
end_of_record
TN:
SF:C:\Users\david.cortes\Downloads\Proyecto ADN\adn-ceiba-frontend\src\app\shared\components\FormSolicitarProducto\styles.ts
FNF:0
FNH:0
DA:3,3
DA:17,3
DA:21,3
DA:30,3
DA:38,3
DA:48,3
LF:6
LH:6
BRF:0
BRH:0
end_of_record
TN:
SF:C:\Users\david.cortes\Downloads\Proyecto ADN\adn-ceiba-frontend\src\app\shared\components\Input\index.tsx
FNF:0
FNH:0
DA:3,3
LF:1
LH:1
BRF:0
BRH:0
end_of_record
TN:
SF:C:\Users\david.cortes\Downloads\Proyecto ADN\adn-ceiba-frontend\src\app\shared\components\Layout\index.tsx
FN:11,(anonymous_0)
FNF:1
FNH:0
FNDA:0,(anonymous_0)
DA:11,0
DA:16,0
DA:30,0
LF:3
LH:0
BRDA:21,0,0,0
BRDA:21,0,1,0
BRDA:23,1,0,0
BRDA:23,1,1,0
BRF:4
BRH:0
end_of_record
TN:
SF:C:\Users\david.cortes\Downloads\Proyecto ADN\adn-ceiba-frontend\src\app\shared\components\Layout\styles.ts
FNF:0
FNH:0
DA:3,0
LF:1
LH:0
BRF:0
BRH:0
end_of_record
TN:
SF:C:\Users\david.cortes\Downloads\Proyecto ADN\adn-ceiba-frontend\src\app\shared\components\LazyFallback\index.tsx
FN:4,(anonymous_0)
FNF:1
FNH:0
FNDA:0,(anonymous_0)
DA:4,0
DA:5,0
LF:2
LH:0
BRF:0
BRH:0
end_of_record
TN:
SF:C:\Users\david.cortes\Downloads\Proyecto ADN\adn-ceiba-frontend\src\app\shared\components\LazyFallback\styles.ts
FNF:0
FNH:0
DA:3,0
DA:8,0
LF:2
LH:0
BRF:0
BRH:0
end_of_record
TN:
SF:C:\Users\david.cortes\Downloads\Proyecto ADN\adn-ceiba-frontend\src\app\shared\components\Link\index.tsx
FNF:0
FNH:0
DA:4,0
LF:1
LH:0
BRF:0
BRH:0
end_of_record
TN:
SF:C:\Users\david.cortes\Downloads\Proyecto ADN\adn-ceiba-frontend\src\app\shared\components\NavigationHeader\index.tsx
FN:7,(anonymous_0)
FNF:1
FNH:0
FNDA:0,(anonymous_0)
DA:7,0
DA:8,0
DA:13,0
LF:3
LH:0
BRF:0
BRH:0
end_of_record
TN:
SF:C:\Users\david.cortes\Downloads\Proyecto ADN\adn-ceiba-frontend\src\app\shared\components\NavigationHeader\styles.ts
FNF:0
FNH:0
DA:3,0
LF:1
LH:0
BRF:0
BRH:0
end_of_record
TN:
SF:C:\Users\david.cortes\Downloads\Proyecto ADN\adn-ceiba-frontend\src\app\shared\components\NavigationHeader\NavBrand\index.tsx
FN:11,(anonymous_0)
FNF:1
FNH:0
FNDA:0,(anonymous_0)
DA:11,0
DA:12,0
DA:23,0
LF:3
LH:0
BRDA:14,0,0,0
BRDA:14,0,1,0
BRF:2
BRH:0
end_of_record
TN:
SF:C:\Users\david.cortes\Downloads\Proyecto ADN\adn-ceiba-frontend\src\app\shared\components\NavigationHeader\NavBrand\styles.ts
FNF:0
FNH:0
DA:4,0
DA:8,0
DA:13,0
DA:18,0
LF:4
LH:0
BRF:0
BRH:0
end_of_record
TN:
SF:C:\Users\david.cortes\Downloads\Proyecto ADN\adn-ceiba-frontend\src\app\shared\components\NavigationHeader\NavItem\index.tsx
FN:11,(anonymous_0)
FNF:1
FNH:0
FNDA:0,(anonymous_0)
DA:11,0
DA:12,0
DA:19,0
LF:3
LH:0
BRF:0
BRH:0
end_of_record
TN:
SF:C:\Users\david.cortes\Downloads\Proyecto ADN\adn-ceiba-frontend\src\app\shared\components\NavigationHeader\NavItem\styles.ts
FNF:0
FNH:0
DA:3,0
LF:1
LH:0
BRF:0
BRH:0
end_of_record
TN:
SF:C:\Users\david.cortes\Downloads\Proyecto ADN\adn-ceiba-frontend\src\app\shared\components\NavigationHeader\NavList\index.tsx
FN:10,(anonymous_0)
FN:13,(anonymous_1)
FNF:2
FNH:0
FNDA:0,(anonymous_0)
FNDA:0,(anonymous_1)
DA:10,0
DA:11,0
DA:14,0
DA:22,0
LF:4
LH:0
BRF:0
BRH:0
end_of_record
TN:
SF:C:\Users\david.cortes\Downloads\Proyecto ADN\adn-ceiba-frontend\src\app\shared\components\NavigationHeader\NavList\styles.ts
FNF:0
FNH:0
DA:3,0
LF:1
LH:0
BRF:0
BRH:0
end_of_record
TN:
SF:C:\Users\david.cortes\Downloads\Proyecto ADN\adn-ceiba-frontend\src\app\shared\components\Select\index.tsx
FNF:0
FNH:0
DA:3,3
LF:1
LH:1
BRF:0
BRH:0
end_of_record
TN:
SF:C:\Users\david.cortes\Downloads\Proyecto ADN\adn-ceiba-frontend\src\app\shared\components\SelectorCantidad\index.tsx
FN:10,(anonymous_0)
FN:18,(anonymous_1)
FN:29,(anonymous_2)
FNF:3
FNH:3
FNDA:41,(anonymous_0)
FNDA:6,(anonymous_1)
FNDA:6,(anonymous_2)
DA:10,4
DA:14,41
DA:16,41
DA:19,6
DA:20,1
DA:21,1
DA:30,6
DA:31,6
DA:39,4
LF:9
LH:9
BRDA:19,0,0,1
BRDA:19,0,1,5
BRF:2
BRH:2
end_of_record
TN:
SF:C:\Users\david.cortes\Downloads\Proyecto ADN\adn-ceiba-frontend\src\app\shared\components\SelectorCantidad\styles.ts
FNF:0
FNH:0
DA:3,4
DA:8,4
DA:21,4
LF:3
LH:3
BRF:0
BRH:0
end_of_record
TN:
SF:C:\Users\david.cortes\Downloads\Proyecto ADN\adn-ceiba-frontend\src\app\shared\hooks\useInputValue.ts
FN:3,(anonymous_0)
FN:5,(anonymous_1)
FNF:2
FNH:0
FNDA:0,(anonymous_0)
FNDA:0,(anonymous_1)
DA:3,0
DA:4,0
DA:5,0
DA:6,0
DA:7,0
LF:5
LH:0
BRF:0
BRH:0
end_of_record
TN:
SF:C:\Users\david.cortes\Downloads\Proyecto ADN\adn-ceiba-frontend\src\app\shared\utils\test.ts
FN:1,(anonymous_0)
FN:2,(anonymous_1)
FNF:2
FNH:1
FNDA:3,(anonymous_0)
FNDA:0,(anonymous_1)
DA:1,3
LF:1
LH:1
BRF:0
BRH:0
end_of_record
